{
  "/Users/serge/Desktop/fiat-connect/src/routes/accounts.ts": {
    "path": "/Users/serge/Desktop/fiat-connect/src/routes/accounts.ts",
    "statementMap": {
      "0": {
        "start": { "line": 1, "column": 0 },
        "end": { "line": 1, "column": 29 }
      },
      "1": {
        "start": { "line": 2, "column": 0 },
        "end": { "line": 2, "column": 42 }
      },
      "2": {
        "start": { "line": 3, "column": 0 },
        "end": { "line": 3, "column": 43 }
      },
      "3": {
        "start": { "line": 10, "column": 0 },
        "end": { "line": 10, "column": 63 }
      },
      "4": {
        "start": { "line": 11, "column": 0 },
        "end": { "line": 11, "column": 50 }
      },
      "5": {
        "start": { "line": 12, "column": 0 },
        "end": { "line": 12, "column": null }
      },
      "6": {
        "start": { "line": 19, "column": 0 },
        "end": { "line": 19, "column": 16 }
      },
      "7": {
        "start": { "line": 20, "column": 22 },
        "end": { "line": 20, "column": null }
      },
      "8": {
        "start": { "line": 21, "column": 12 },
        "end": { "line": 21, "column": null }
      },
      "9": {
        "start": { "line": 26, "column": 17 },
        "end": { "line": 26, "column": 33 }
      },
      "10": {
        "start": { "line": 28, "column": 2 },
        "end": { "line": 28, "column": null }
      },
      "11": {
        "start": { "line": 29, "column": 2 },
        "end": { "line": 29, "column": null }
      },
      "12": {
        "start": { "line": 31, "column": 46 },
        "end": { "line": 44, "column": 3 }
      },
      "13": {
        "start": { "line": 40, "column": 4 },
        "end": { "line": 42, "column": null }
      },
      "14": {
        "start": { "line": 43, "column": 4 },
        "end": { "line": 43, "column": null }
      },
      "15": {
        "start": { "line": 46, "column": 50 },
        "end": { "line": 56, "column": 3 }
      },
      "16": {
        "start": { "line": 51, "column": 4 },
        "end": { "line": 54, "column": null }
      },
      "17": {
        "start": { "line": 55, "column": 4 },
        "end": { "line": 55, "column": null }
      },
      "18": {
        "start": { "line": 58, "column": 2 },
        "end": { "line": 110, "column": null }
      },
      "19": {
        "start": { "line": 68, "column": 30 },
        "end": { "line": 108, "column": null }
      },
      "20": {
        "start": { "line": 70, "column": 12 },
        "end": { "line": 70, "column": null }
      },
      "21": {
        "start": { "line": 71, "column": 8 },
        "end": { "line": 76, "column": null }
      },
      "22": {
        "start": { "line": 75, "column": 10 },
        "end": { "line": 75, "column": null }
      },
      "23": {
        "start": { "line": 80, "column": 14 },
        "end": { "line": 82, "column": null }
      },
      "24": {
        "start": { "line": 83, "column": 14 },
        "end": { "line": 83, "column": null }
      },
      "25": {
        "start": { "line": 84, "column": 8 },
        "end": { "line": 84, "column": null }
      },
      "26": {
        "start": { "line": 85, "column": 8 },
        "end": { "line": 85, "column": null }
      },
      "27": {
        "start": { "line": 86, "column": 8 },
        "end": { "line": 86, "column": null }
      },
      "28": {
        "start": { "line": 87, "column": 8 },
        "end": { "line": 87, "column": null }
      },
      "29": {
        "start": { "line": 88, "column": 8 },
        "end": { "line": 88, "column": null }
      },
      "30": {
        "start": { "line": 93, "column": 16 },
        "end": { "line": 93, "column": null }
      },
      "31": {
        "start": { "line": 94, "column": 10 },
        "end": { "line": 94, "column": null }
      },
      "32": {
        "start": { "line": 96, "column": 10 },
        "end": { "line": 102, "column": null }
      },
      "33": {
        "start": { "line": 104, "column": 10 },
        "end": { "line": 106, "column": null }
      },
      "34": {
        "start": { "line": 112, "column": 2 },
        "end": { "line": 197, "column": null }
      },
      "35": {
        "start": { "line": 114, "column": 67 },
        "end": { "line": 196, "column": 6 }
      },
      "36": {
        "start": { "line": 116, "column": 14 },
        "end": { "line": 116, "column": null }
      },
      "37": {
        "start": { "line": 118, "column": 14 },
        "end": { "line": 119, "column": null }
      },
      "38": {
        "start": { "line": 121, "column": 23 },
        "end": { "line": 123, "column": null }
      },
      "39": {
        "start": { "line": 121, "column": 14 },
        "end": { "line": 123, "column": null }
      },
      "40": {
        "start": { "line": 124, "column": 14 },
        "end": { "line": 126, "column": null }
      },
      "41": {
        "start": { "line": 125, "column": 23 },
        "end": { "line": 125, "column": null }
      },
      "42": {
        "start": { "line": 127, "column": 14 },
        "end": { "line": 129, "column": null }
      },
      "43": {
        "start": { "line": 128, "column": 23 },
        "end": { "line": 128, "column": null }
      },
      "44": {
        "start": { "line": 131, "column": 14 },
        "end": { "line": 133, "column": null }
      },
      "45": {
        "start": { "line": 132, "column": 23 },
        "end": { "line": 132, "column": null }
      },
      "46": {
        "start": { "line": 135, "column": 12 },
        "end": { "line": 135, "column": null }
      },
      "47": {
        "start": { "line": 136, "column": 12 },
        "end": { "line": 136, "column": null }
      },
      "48": {
        "start": { "line": 137, "column": 12 },
        "end": { "line": 137, "column": null }
      },
      "49": {
        "start": { "line": 139, "column": 8 },
        "end": { "line": 148, "column": null }
      },
      "50": {
        "start": { "line": 140, "column": 22 },
        "end": { "line": 146, "column": null }
      },
      "51": {
        "start": { "line": 147, "column": 10 },
        "end": { "line": 147, "column": null }
      },
      "52": {
        "start": { "line": 150, "column": 8 },
        "end": { "line": 162, "column": null }
      },
      "53": {
        "start": { "line": 151, "column": 22 },
        "end": { "line": 160, "column": null }
      },
      "54": {
        "start": { "line": 161, "column": 10 },
        "end": { "line": 161, "column": null }
      },
      "55": {
        "start": { "line": 163, "column": 8 },
        "end": { "line": 175, "column": null }
      },
      "56": {
        "start": { "line": 164, "column": 22 },
        "end": { "line": 173, "column": null }
      },
      "57": {
        "start": { "line": 174, "column": 10 },
        "end": { "line": 174, "column": null }
      },
      "58": {
        "start": { "line": 176, "column": 12 },
        "end": { "line": 176, "column": null }
      },
      "59": {
        "start": { "line": 177, "column": 8 },
        "end": { "line": 189, "column": null }
      },
      "60": {
        "start": { "line": 182, "column": 10 },
        "end": { "line": 182, "column": null }
      },
      "61": {
        "start": { "line": 184, "column": 10 },
        "end": { "line": 188, "column": null }
      },
      "62": {
        "start": { "line": 190, "column": 8 },
        "end": { "line": 190, "column": null }
      },
      "63": {
        "start": { "line": 192, "column": 8 },
        "end": { "line": 194, "column": null }
      },
      "64": {
        "start": { "line": 199, "column": 2 },
        "end": { "line": 227, "column": null }
      },
      "65": {
        "start": { "line": 205, "column": 30 },
        "end": { "line": 225, "column": null }
      },
      "66": {
        "start": { "line": 207, "column": 14 },
        "end": { "line": 207, "column": null }
      },
      "67": {
        "start": { "line": 211, "column": 16 },
        "end": { "line": 211, "column": null }
      },
      "68": {
        "start": { "line": 213, "column": 27 },
        "end": { "line": 216, "column": null }
      },
      "69": {
        "start": { "line": 213, "column": 16 },
        "end": { "line": 216, "column": null }
      },
      "70": {
        "start": { "line": 218, "column": 10 },
        "end": { "line": 218, "column": null }
      },
      "71": {
        "start": { "line": 219, "column": 10 },
        "end": { "line": 219, "column": null }
      },
      "72": {
        "start": { "line": 221, "column": 10 },
        "end": { "line": 223, "column": null }
      },
      "73": {
        "start": { "line": 228, "column": 2 },
        "end": { "line": 228, "column": null }
      }
    },
    "fnMap": {
      "0": {
        "name": "accountsRouter",
        "decl": {
          "start": { "line": 19, "column": 16 },
          "end": { "line": 19, "column": 30 }
        },
        "loc": {
          "start": { "line": 25, "column": 1 },
          "end": { "line": 229, "column": 1 }
        }
      },
      "1": {
        "name": "(anonymous_15)",
        "decl": {
          "start": { "line": 31, "column": 46 },
          "end": { "line": 31, "column": null }
        },
        "loc": {
          "start": { "line": 38, "column": 30 },
          "end": { "line": 44, "column": 3 }
        }
      },
      "2": {
        "name": "(anonymous_16)",
        "decl": {
          "start": { "line": 46, "column": 50 },
          "end": { "line": 46, "column": null }
        },
        "loc": {
          "start": { "line": 49, "column": 30 },
          "end": { "line": 56, "column": 3 }
        }
      },
      "3": {
        "name": "(anonymous_17)",
        "decl": {
          "start": { "line": 62, "column": 6 },
          "end": { "line": 62, "column": null }
        },
        "loc": {
          "start": { "line": 68, "column": 30 },
          "end": { "line": 108, "column": null }
        }
      },
      "4": {
        "name": "(anonymous_18)",
        "decl": {
          "start": { "line": 68, "column": 30 },
          "end": { "line": 68, "column": null }
        },
        "loc": {
          "start": { "line": 68, "column": 30 },
          "end": { "line": 108, "column": null }
        }
      },
      "5": {
        "name": "(anonymous_20)",
        "decl": {
          "start": { "line": 114, "column": 15 },
          "end": { "line": 114, "column": 22 }
        },
        "loc": {
          "start": { "line": 114, "column": 67 },
          "end": { "line": 196, "column": 6 }
        }
      },
      "6": {
        "name": "(anonymous_21)",
        "decl": {
          "start": { "line": 114, "column": 67 },
          "end": { "line": 114, "column": null }
        },
        "loc": {
          "start": { "line": 114, "column": 67 },
          "end": { "line": 196, "column": 6 }
        }
      },
      "7": {
        "name": "(anonymous_23)",
        "decl": {
          "start": { "line": 125, "column": 10 },
          "end": { "line": 125, "column": 11 }
        },
        "loc": {
          "start": { "line": 125, "column": 18 },
          "end": { "line": 125, "column": 30 }
        }
      },
      "8": {
        "name": "(anonymous_24)",
        "decl": {
          "start": { "line": 128, "column": 10 },
          "end": { "line": 128, "column": 11 }
        },
        "loc": {
          "start": { "line": 128, "column": 18 },
          "end": { "line": 128, "column": 30 }
        }
      },
      "9": {
        "name": "(anonymous_25)",
        "decl": {
          "start": { "line": 132, "column": 10 },
          "end": { "line": 132, "column": 11 }
        },
        "loc": {
          "start": { "line": 132, "column": 18 },
          "end": { "line": 132, "column": 30 }
        }
      },
      "10": {
        "name": "(anonymous_26)",
        "decl": {
          "start": { "line": 139, "column": 29 },
          "end": { "line": 139, "column": 30 }
        },
        "loc": {
          "start": { "line": 139, "column": 37 },
          "end": { "line": 148, "column": 9 }
        }
      },
      "11": {
        "name": "(anonymous_27)",
        "decl": {
          "start": { "line": 150, "column": 29 },
          "end": { "line": 150, "column": 30 }
        },
        "loc": {
          "start": { "line": 150, "column": 37 },
          "end": { "line": 162, "column": 9 }
        }
      },
      "12": {
        "name": "(anonymous_28)",
        "decl": {
          "start": { "line": 163, "column": 31 },
          "end": { "line": 163, "column": 32 }
        },
        "loc": {
          "start": { "line": 163, "column": 39 },
          "end": { "line": 175, "column": 9 }
        }
      },
      "13": {
        "name": "(anonymous_29)",
        "decl": {
          "start": { "line": 203, "column": 6 },
          "end": { "line": 203, "column": null }
        },
        "loc": {
          "start": { "line": 205, "column": 30 },
          "end": { "line": 225, "column": null }
        }
      },
      "14": {
        "name": "(anonymous_30)",
        "decl": {
          "start": { "line": 205, "column": 30 },
          "end": { "line": 205, "column": null }
        },
        "loc": {
          "start": { "line": 205, "column": 30 },
          "end": { "line": 225, "column": null }
        }
      }
    },
    "branchMap": {
      "0": {
        "loc": {
          "start": { "line": 71, "column": 8 },
          "end": { "line": 76, "column": null }
        },
        "type": "if",
        "locations": [
          {
            "start": { "line": 71, "column": 8 },
            "end": { "line": 76, "column": null }
          }
        ]
      },
      "1": {
        "loc": {
          "start": { "line": 72, "column": 10 },
          "end": { "line": 73, "column": 43 }
        },
        "type": "binary-expr",
        "locations": [
          {
            "start": { "line": 72, "column": 10 },
            "end": { "line": 72, "column": 49 }
          },
          {
            "start": { "line": 73, "column": 10 },
            "end": { "line": 73, "column": 43 }
          }
        ]
      },
      "2": {
        "loc": {
          "start": { "line": 72, "column": 10 },
          "end": { "line": 72, "column": 35 }
        },
        "type": "cond-expr",
        "locations": [
          {
            "start": { "line": 72, "column": 26 },
            "end": { "line": 72, "column": 28 }
          },
          {
            "start": { "line": 72, "column": 26 },
            "end": { "line": 72, "column": 35 }
          }
        ]
      },
      "3": {
        "loc": {
          "start": { "line": 72, "column": 10 },
          "end": { "line": 72, "column": 28 }
        },
        "type": "binary-expr",
        "locations": [
          {
            "start": { "line": 72, "column": 10 },
            "end": { "line": 72, "column": 28 }
          },
          {
            "start": { "line": 72, "column": 26 },
            "end": { "line": 72, "column": 28 }
          }
        ]
      },
      "4": {
        "loc": {
          "start": { "line": 75, "column": 24 },
          "end": { "line": 75, "column": 49 }
        },
        "type": "cond-expr",
        "locations": [
          {
            "start": { "line": 75, "column": 40 },
            "end": { "line": 75, "column": 42 }
          },
          {
            "start": { "line": 75, "column": 40 },
            "end": { "line": 75, "column": 49 }
          }
        ]
      },
      "5": {
        "loc": {
          "start": { "line": 75, "column": 24 },
          "end": { "line": 75, "column": 42 }
        },
        "type": "binary-expr",
        "locations": [
          {
            "start": { "line": 75, "column": 24 },
            "end": { "line": 75, "column": 42 }
          },
          {
            "start": { "line": 75, "column": 40 },
            "end": { "line": 75, "column": 42 }
          }
        ]
      },
      "6": {
        "loc": {
          "start": { "line": 85, "column": 29 },
          "end": { "line": 85, "column": 55 }
        },
        "type": "cond-expr",
        "locations": [
          {
            "start": { "line": 85, "column": 42 },
            "end": { "line": 85, "column": 44 }
          },
          {
            "start": { "line": 85, "column": 29 },
            "end": { "line": 85, "column": 55 }
          }
        ]
      },
      "7": {
        "loc": {
          "start": { "line": 85, "column": 29 },
          "end": { "line": 85, "column": 44 }
        },
        "type": "binary-expr",
        "locations": [
          {
            "start": { "line": 85, "column": 29 },
            "end": { "line": 85, "column": 44 }
          },
          {
            "start": { "line": 85, "column": 29 },
            "end": { "line": 85, "column": 44 }
          }
        ]
      },
      "8": {
        "loc": {
          "start": { "line": 86, "column": 33 },
          "end": { "line": 86, "column": 63 }
        },
        "type": "cond-expr",
        "locations": [
          {
            "start": { "line": 86, "column": 46 },
            "end": { "line": 86, "column": 48 }
          },
          {
            "start": { "line": 86, "column": 33 },
            "end": { "line": 86, "column": 63 }
          }
        ]
      },
      "9": {
        "loc": {
          "start": { "line": 86, "column": 33 },
          "end": { "line": 86, "column": 48 }
        },
        "type": "binary-expr",
        "locations": [
          {
            "start": { "line": 86, "column": 33 },
            "end": { "line": 86, "column": 48 }
          },
          {
            "start": { "line": 86, "column": 33 },
            "end": { "line": 86, "column": 48 }
          }
        ]
      },
      "10": {
        "loc": {
          "start": { "line": 116, "column": 28 },
          "end": { "line": 116, "column": 54 }
        },
        "type": "cond-expr",
        "locations": [
          {
            "start": { "line": 116, "column": 45 },
            "end": { "line": 116, "column": 47 }
          },
          {
            "start": { "line": 116, "column": 45 },
            "end": { "line": 116, "column": 54 }
          }
        ]
      },
      "11": {
        "loc": {
          "start": { "line": 116, "column": 28 },
          "end": { "line": 116, "column": 47 }
        },
        "type": "binary-expr",
        "locations": [
          {
            "start": { "line": 116, "column": 28 },
            "end": { "line": 116, "column": 47 }
          },
          {
            "start": { "line": 116, "column": 45 },
            "end": { "line": 116, "column": 47 }
          }
        ]
      },
      "12": {
        "loc": {
          "start": { "line": 157, "column": 22 },
          "end": { "line": 157, "column": 39 }
        },
        "type": "cond-expr",
        "locations": [
          {
            "start": { "line": 157, "column": 29 },
            "end": { "line": 157, "column": 31 }
          },
          {
            "start": { "line": 157, "column": 22 },
            "end": { "line": 157, "column": 39 }
          }
        ]
      },
      "13": {
        "loc": {
          "start": { "line": 157, "column": 22 },
          "end": { "line": 157, "column": 31 }
        },
        "type": "binary-expr",
        "locations": [
          {
            "start": { "line": 157, "column": 22 },
            "end": { "line": 157, "column": 31 }
          },
          {
            "start": { "line": 157, "column": 22 },
            "end": { "line": 157, "column": 31 }
          }
        ]
      },
      "14": {
        "loc": {
          "start": { "line": 158, "column": 21 },
          "end": { "line": 158, "column": 37 }
        },
        "type": "cond-expr",
        "locations": [
          {
            "start": { "line": 158, "column": 28 },
            "end": { "line": 158, "column": 30 }
          },
          {
            "start": { "line": 158, "column": 21 },
            "end": { "line": 158, "column": 37 }
          }
        ]
      },
      "15": {
        "loc": {
          "start": { "line": 158, "column": 21 },
          "end": { "line": 158, "column": 30 }
        },
        "type": "binary-expr",
        "locations": [
          {
            "start": { "line": 158, "column": 21 },
            "end": { "line": 158, "column": 30 }
          },
          {
            "start": { "line": 158, "column": 21 },
            "end": { "line": 158, "column": 30 }
          }
        ]
      },
      "16": {
        "loc": {
          "start": { "line": 159, "column": 20 },
          "end": { "line": 159, "column": 35 }
        },
        "type": "cond-expr",
        "locations": [
          {
            "start": { "line": 159, "column": 27 },
            "end": { "line": 159, "column": 29 }
          },
          {
            "start": { "line": 159, "column": 20 },
            "end": { "line": 159, "column": 35 }
          }
        ]
      },
      "17": {
        "loc": {
          "start": { "line": 159, "column": 20 },
          "end": { "line": 159, "column": 29 }
        },
        "type": "binary-expr",
        "locations": [
          {
            "start": { "line": 159, "column": 20 },
            "end": { "line": 159, "column": 29 }
          },
          {
            "start": { "line": 159, "column": 20 },
            "end": { "line": 159, "column": 29 }
          }
        ]
      },
      "18": {
        "loc": {
          "start": { "line": 170, "column": 22 },
          "end": { "line": 170, "column": 39 }
        },
        "type": "cond-expr",
        "locations": [
          {
            "start": { "line": 170, "column": 29 },
            "end": { "line": 170, "column": 31 }
          },
          {
            "start": { "line": 170, "column": 22 },
            "end": { "line": 170, "column": 39 }
          }
        ]
      },
      "19": {
        "loc": {
          "start": { "line": 170, "column": 22 },
          "end": { "line": 170, "column": 31 }
        },
        "type": "binary-expr",
        "locations": [
          {
            "start": { "line": 170, "column": 22 },
            "end": { "line": 170, "column": 31 }
          },
          {
            "start": { "line": 170, "column": 22 },
            "end": { "line": 170, "column": 31 }
          }
        ]
      },
      "20": {
        "loc": {
          "start": { "line": 171, "column": 21 },
          "end": { "line": 171, "column": 37 }
        },
        "type": "cond-expr",
        "locations": [
          {
            "start": { "line": 171, "column": 28 },
            "end": { "line": 171, "column": 30 }
          },
          {
            "start": { "line": 171, "column": 21 },
            "end": { "line": 171, "column": 37 }
          }
        ]
      },
      "21": {
        "loc": {
          "start": { "line": 171, "column": 21 },
          "end": { "line": 171, "column": 30 }
        },
        "type": "binary-expr",
        "locations": [
          {
            "start": { "line": 171, "column": 21 },
            "end": { "line": 171, "column": 30 }
          },
          {
            "start": { "line": 171, "column": 21 },
            "end": { "line": 171, "column": 30 }
          }
        ]
      },
      "22": {
        "loc": {
          "start": { "line": 172, "column": 20 },
          "end": { "line": 172, "column": 35 }
        },
        "type": "cond-expr",
        "locations": [
          {
            "start": { "line": 172, "column": 27 },
            "end": { "line": 172, "column": 29 }
          },
          {
            "start": { "line": 172, "column": 20 },
            "end": { "line": 172, "column": 35 }
          }
        ]
      },
      "23": {
        "loc": {
          "start": { "line": 172, "column": 20 },
          "end": { "line": 172, "column": 29 }
        },
        "type": "binary-expr",
        "locations": [
          {
            "start": { "line": 172, "column": 20 },
            "end": { "line": 172, "column": 29 }
          },
          {
            "start": { "line": 172, "column": 20 },
            "end": { "line": 172, "column": 29 }
          }
        ]
      },
      "24": {
        "loc": {
          "start": { "line": 177, "column": 8 },
          "end": { "line": 189, "column": null }
        },
        "type": "if",
        "locations": [
          {
            "start": { "line": 177, "column": 8 },
            "end": { "line": 189, "column": null }
          },
          {
            "start": { "line": 183, "column": 15 },
            "end": { "line": 189, "column": null }
          }
        ]
      },
      "25": {
        "loc": {
          "start": { "line": 178, "column": 10 },
          "end": { "line": 180, "column": 44 }
        },
        "type": "binary-expr",
        "locations": [
          {
            "start": { "line": 178, "column": 10 },
            "end": { "line": 178, "column": 44 }
          },
          {
            "start": { "line": 179, "column": 10 },
            "end": { "line": 179, "column": 46 }
          },
          {
            "start": { "line": 180, "column": 10 },
            "end": { "line": 180, "column": 44 }
          }
        ]
      },
      "26": {
        "loc": {
          "start": { "line": 207, "column": 28 },
          "end": { "line": 207, "column": 54 }
        },
        "type": "cond-expr",
        "locations": [
          {
            "start": { "line": 207, "column": 45 },
            "end": { "line": 207, "column": 47 }
          },
          {
            "start": { "line": 207, "column": 45 },
            "end": { "line": 207, "column": 54 }
          }
        ]
      },
      "27": {
        "loc": {
          "start": { "line": 207, "column": 28 },
          "end": { "line": 207, "column": 47 }
        },
        "type": "binary-expr",
        "locations": [
          {
            "start": { "line": 207, "column": 28 },
            "end": { "line": 207, "column": 47 }
          },
          {
            "start": { "line": 207, "column": 45 },
            "end": { "line": 207, "column": 47 }
          }
        ]
      }
    },
    "s": {
      "0": 0,
      "1": 0,
      "2": 0,
      "3": 0,
      "4": 0,
      "5": 0,
      "6": 0,
      "7": 0,
      "8": 0,
      "9": 0,
      "10": 0,
      "11": 0,
      "12": 0,
      "13": 0,
      "14": 0,
      "15": 0,
      "16": 0,
      "17": 0,
      "18": 0,
      "19": 0,
      "20": 0,
      "21": 0,
      "22": 0,
      "23": 0,
      "24": 0,
      "25": 0,
      "26": 0,
      "27": 0,
      "28": 0,
      "29": 0,
      "30": 0,
      "31": 0,
      "32": 0,
      "33": 0,
      "34": 0,
      "35": 0,
      "36": 0,
      "37": 0,
      "38": 0,
      "39": 0,
      "40": 0,
      "41": 0,
      "42": 0,
      "43": 0,
      "44": 0,
      "45": 0,
      "46": 0,
      "47": 0,
      "48": 0,
      "49": 0,
      "50": 0,
      "51": 0,
      "52": 0,
      "53": 0,
      "54": 0,
      "55": 0,
      "56": 0,
      "57": 0,
      "58": 0,
      "59": 0,
      "60": 0,
      "61": 0,
      "62": 0,
      "63": 0,
      "64": 0,
      "65": 0,
      "66": 0,
      "67": 0,
      "68": 0,
      "69": 0,
      "70": 0,
      "71": 0,
      "72": 0,
      "73": 0
    },
    "f": {
      "0": 0,
      "1": 0,
      "2": 0,
      "3": 0,
      "4": 0,
      "5": 0,
      "6": 0,
      "7": 0,
      "8": 0,
      "9": 0,
      "10": 0,
      "11": 0,
      "12": 0,
      "13": 0,
      "14": 0
    },
    "b": {
      "0": [0],
      "1": [0, 0],
      "2": [0, 0],
      "3": [0, 0],
      "4": [0, 0],
      "5": [0, 0],
      "6": [0, 0],
      "7": [0, 0],
      "8": [0, 0],
      "9": [0, 0],
      "10": [0, 0],
      "11": [0, 0],
      "12": [0, 0],
      "13": [0, 0],
      "14": [0, 0],
      "15": [0, 0],
      "16": [0, 0],
      "17": [0, 0],
      "18": [0, 0],
      "19": [0, 0],
      "20": [0, 0],
      "21": [0, 0],
      "22": [0, 0],
      "23": [0, 0],
      "24": [0, 0],
      "25": [0, 0, 0],
      "26": [0, 0],
      "27": [0, 0]
    }
  },
  "/Users/serge/Desktop/fiat-connect/src/routes/async-route.ts": {
    "path": "/Users/serge/Desktop/fiat-connect/src/routes/async-route.ts",
    "statementMap": {
      "0": {
        "start": { "line": 6, "column": 2 },
        "end": { "line": 12, "column": null }
      },
      "1": {
        "start": { "line": 11, "column": 4 },
        "end": { "line": 11, "column": null }
      },
      "2": {
        "start": { "line": 3, "column": 0 },
        "end": { "line": 3, "column": 16 }
      }
    },
    "fnMap": {
      "0": {
        "name": "asyncRoute",
        "decl": {
          "start": { "line": 3, "column": 16 },
          "end": { "line": 3, "column": 26 }
        },
        "loc": {
          "start": { "line": 4, "column": 53 },
          "end": { "line": 13, "column": 1 }
        }
      },
      "1": {
        "name": "(anonymous_1)",
        "decl": {
          "start": { "line": 6, "column": 9 },
          "end": { "line": 6, "column": null }
        },
        "loc": {
          "start": { "line": 9, "column": 30 },
          "end": { "line": 12, "column": 3 }
        }
      }
    },
    "branchMap": {},
    "s": { "0": 0, "1": 0, "2": 0 },
    "f": { "0": 0, "1": 0 },
    "b": {}
  },
  "/Users/serge/Desktop/fiat-connect/src/routes/auth.ts": {
    "path": "/Users/serge/Desktop/fiat-connect/src/routes/auth.ts",
    "statementMap": {
      "0": {
        "start": { "line": 1, "column": 0 },
        "end": { "line": 1, "column": 29 }
      },
      "1": {
        "start": { "line": 2, "column": 0 },
        "end": { "line": 2, "column": 46 }
      },
      "2": {
        "start": { "line": 4, "column": 0 },
        "end": { "line": 4, "column": 42 }
      },
      "3": {
        "start": { "line": 5, "column": 0 },
        "end": { "line": 5, "column": null }
      },
      "4": {
        "start": { "line": 13, "column": 0 },
        "end": { "line": 13, "column": 42 }
      },
      "5": {
        "start": { "line": 15, "column": 31 },
        "end": { "line": 15, "column": 49 }
      },
      "6": {
        "start": { "line": 16, "column": 16 },
        "end": { "line": 16, "column": 19 }
      },
      "7": {
        "start": { "line": 24, "column": 23 },
        "end": { "line": 24, "column": null }
      },
      "8": {
        "start": { "line": 24, "column": 10 },
        "end": { "line": 24, "column": null }
      },
      "9": {
        "start": { "line": 26, "column": 4 },
        "end": { "line": 28, "column": null }
      },
      "10": {
        "start": { "line": 27, "column": 6 },
        "end": { "line": 27, "column": null }
      },
      "11": {
        "start": { "line": 30, "column": 4 },
        "end": { "line": 30, "column": null }
      },
      "12": {
        "start": { "line": 41, "column": 4 },
        "end": { "line": 44, "column": null }
      },
      "13": {
        "start": { "line": 46, "column": 4 },
        "end": { "line": 46, "column": null }
      },
      "14": {
        "start": { "line": 54, "column": 2 },
        "end": { "line": 59, "column": null }
      },
      "15": {
        "start": { "line": 55, "column": 4 },
        "end": { "line": 58, "column": null }
      },
      "16": {
        "start": { "line": 60, "column": 23 },
        "end": { "line": 60, "column": 41 }
      },
      "17": {
        "start": { "line": 61, "column": 25 },
        "end": { "line": 61, "column": 49 }
      },
      "18": {
        "start": { "line": 62, "column": 14 },
        "end": { "line": 62, "column": 24 }
      },
      "19": {
        "start": { "line": 63, "column": 2 },
        "end": { "line": 65, "column": null }
      },
      "20": {
        "start": { "line": 64, "column": 4 },
        "end": { "line": 64, "column": null }
      },
      "21": {
        "start": { "line": 66, "column": 2 },
        "end": { "line": 71, "column": null }
      },
      "22": {
        "start": { "line": 67, "column": 4 },
        "end": { "line": 70, "column": null }
      },
      "23": {
        "start": { "line": 72, "column": 2 },
        "end": { "line": 77, "column": null }
      },
      "24": {
        "start": { "line": 73, "column": 4 },
        "end": { "line": 76, "column": null }
      },
      "25": {
        "start": { "line": 78, "column": 2 },
        "end": { "line": 83, "column": null }
      },
      "26": {
        "start": { "line": 82, "column": 4 },
        "end": { "line": 82, "column": null }
      },
      "27": {
        "start": { "line": 87, "column": 24 },
        "end": { "line": 87, "column": 47 }
      },
      "28": {
        "start": { "line": 88, "column": 21 },
        "end": { "line": 88, "column": 38 }
      },
      "29": {
        "start": { "line": 89, "column": 2 },
        "end": { "line": 94, "column": null }
      },
      "30": {
        "start": { "line": 90, "column": 4 },
        "end": { "line": 93, "column": null }
      },
      "31": {
        "start": { "line": 94, "column": 9 },
        "end": { "line": 94, "column": null }
      },
      "32": {
        "start": { "line": 98, "column": 2 },
        "end": { "line": 107, "column": null }
      },
      "33": {
        "start": { "line": 100, "column": 6 },
        "end": { "line": 100, "column": null }
      },
      "34": {
        "start": { "line": 102, "column": 6 },
        "end": { "line": 102, "column": null }
      },
      "35": {
        "start": { "line": 104, "column": 6 },
        "end": { "line": 104, "column": null }
      },
      "36": {
        "start": { "line": 106, "column": 6 },
        "end": { "line": 106, "column": null }
      },
      "37": {
        "start": { "line": 111, "column": 2 },
        "end": { "line": 120, "column": null }
      },
      "38": {
        "start": { "line": 113, "column": 6 },
        "end": { "line": 113, "column": null }
      },
      "39": {
        "start": { "line": 115, "column": 6 },
        "end": { "line": 115, "column": null }
      },
      "40": {
        "start": { "line": 117, "column": 6 },
        "end": { "line": 117, "column": null }
      },
      "41": {
        "start": { "line": 119, "column": 6 },
        "end": { "line": 119, "column": null }
      },
      "42": {
        "start": { "line": 123, "column": 0 },
        "end": { "line": 123, "column": 16 }
      },
      "43": {
        "start": { "line": 124, "column": 9 },
        "end": { "line": 124, "column": null }
      },
      "44": {
        "start": { "line": 125, "column": 8 },
        "end": { "line": 125, "column": null }
      },
      "45": {
        "start": { "line": 130, "column": 17 },
        "end": { "line": 130, "column": 33 }
      },
      "46": {
        "start": { "line": 132, "column": 35 },
        "end": { "line": 142, "column": 3 }
      },
      "47": {
        "start": { "line": 137, "column": 4 },
        "end": { "line": 140, "column": null }
      },
      "48": {
        "start": { "line": 141, "column": 4 },
        "end": { "line": 141, "column": null }
      },
      "49": {
        "start": { "line": 144, "column": 2 },
        "end": { "line": 204, "column": null }
      },
      "50": {
        "start": { "line": 150, "column": 29 },
        "end": { "line": 202, "column": null }
      },
      "51": {
        "start": { "line": 155, "column": 16 },
        "end": { "line": 155, "column": null }
      },
      "52": {
        "start": { "line": 156, "column": 23 },
        "end": { "line": 156, "column": null }
      },
      "53": {
        "start": { "line": 156, "column": 10 },
        "end": { "line": 156, "column": null }
      },
      "54": {
        "start": { "line": 159, "column": 10 },
        "end": { "line": 159, "column": null }
      },
      "55": {
        "start": { "line": 160, "column": 16 },
        "end": { "line": 160, "column": null }
      },
      "56": {
        "start": { "line": 161, "column": 10 },
        "end": { "line": 168, "column": null }
      },
      "57": {
        "start": { "line": 162, "column": 12 },
        "end": { "line": 162, "column": null }
      },
      "58": {
        "start": { "line": 163, "column": 17 },
        "end": { "line": 168, "column": null }
      },
      "59": {
        "start": { "line": 164, "column": 12 },
        "end": { "line": 167, "column": null }
      },
      "60": {
        "start": { "line": 169, "column": 10 },
        "end": { "line": 172, "column": null }
      },
      "61": {
        "start": { "line": 175, "column": 8 },
        "end": { "line": 178, "column": null }
      },
      "62": {
        "start": { "line": 179, "column": 8 },
        "end": { "line": 179, "column": null }
      },
      "63": {
        "start": { "line": 180, "column": 8 },
        "end": { "line": 180, "column": null }
      },
      "64": {
        "start": { "line": 182, "column": 8 },
        "end": { "line": 187, "column": null }
      },
      "65": {
        "start": { "line": 183, "column": 10 },
        "end": { "line": 186, "column": null }
      },
      "66": {
        "start": { "line": 189, "column": 8 },
        "end": { "line": 194, "column": null }
      },
      "67": {
        "start": { "line": 190, "column": 10 },
        "end": { "line": 193, "column": null }
      },
      "68": {
        "start": { "line": 196, "column": 14 },
        "end": { "line": 196, "column": null }
      },
      "69": {
        "start": { "line": 197, "column": 8 },
        "end": { "line": 197, "column": null }
      },
      "70": {
        "start": { "line": 199, "column": 8 },
        "end": { "line": 199, "column": null }
      },
      "71": {
        "start": { "line": 200, "column": 8 },
        "end": { "line": 200, "column": null }
      },
      "72": {
        "start": { "line": 201, "column": 8 },
        "end": { "line": 201, "column": null }
      },
      "73": {
        "start": { "line": 206, "column": 2 },
        "end": { "line": 206, "column": null }
      }
    },
    "fnMap": {
      "0": {
        "name": "validateNonce",
        "decl": {
          "start": { "line": 18, "column": 15 },
          "end": { "line": 18, "column": 28 }
        },
        "loc": {
          "start": { "line": 18, "column": 62 },
          "end": { "line": 32, "column": null }
        }
      },
      "1": {
        "name": "markNonceAsUsed",
        "decl": {
          "start": { "line": 34, "column": 15 },
          "end": { "line": 34, "column": 30 }
        },
        "loc": {
          "start": { "line": 37, "column": 19 },
          "end": { "line": 48, "column": null }
        }
      },
      "2": {
        "name": "validateIssuedAtAndExpirationTime",
        "decl": {
          "start": { "line": 50, "column": 9 },
          "end": { "line": 50, "column": 42 }
        },
        "loc": {
          "start": { "line": 52, "column": 25 },
          "end": { "line": 84, "column": 1 }
        }
      },
      "3": {
        "name": "validateDomainAndUri",
        "decl": {
          "start": { "line": 86, "column": 9 },
          "end": { "line": 86, "column": 29 }
        },
        "loc": {
          "start": { "line": 86, "column": 59 },
          "end": { "line": 95, "column": 1 }
        }
      },
      "4": {
        "name": "validateDomain",
        "decl": {
          "start": { "line": 97, "column": 9 },
          "end": { "line": 97, "column": 23 }
        },
        "loc": {
          "start": { "line": 97, "column": 38 },
          "end": { "line": 108, "column": 1 }
        }
      },
      "5": {
        "name": "validateURI",
        "decl": {
          "start": { "line": 110, "column": 9 },
          "end": { "line": 110, "column": 20 }
        },
        "loc": {
          "start": { "line": 110, "column": 32 },
          "end": { "line": 121, "column": 1 }
        }
      },
      "6": {
        "name": "authRouter",
        "decl": {
          "start": { "line": 123, "column": 16 },
          "end": { "line": 123, "column": 26 }
        },
        "loc": {
          "start": { "line": 129, "column": 1 },
          "end": { "line": 207, "column": 1 }
        }
      },
      "7": {
        "name": "(anonymous_25)",
        "decl": {
          "start": { "line": 132, "column": 35 },
          "end": { "line": 132, "column": null }
        },
        "loc": {
          "start": { "line": 135, "column": 30 },
          "end": { "line": 142, "column": 3 }
        }
      },
      "8": {
        "name": "(anonymous_26)",
        "decl": {
          "start": { "line": 148, "column": 6 },
          "end": { "line": 148, "column": null }
        },
        "loc": {
          "start": { "line": 150, "column": 29 },
          "end": { "line": 202, "column": null }
        }
      },
      "9": {
        "name": "(anonymous_27)",
        "decl": {
          "start": { "line": 150, "column": 29 },
          "end": { "line": 150, "column": null }
        },
        "loc": {
          "start": { "line": 150, "column": 29 },
          "end": { "line": 202, "column": null }
        }
      }
    },
    "branchMap": {
      "0": {
        "loc": {
          "start": { "line": 26, "column": 4 },
          "end": { "line": 28, "column": null }
        },
        "type": "if",
        "locations": [
          {
            "start": { "line": 26, "column": 4 },
            "end": { "line": 28, "column": null }
          }
        ]
      },
      "1": {
        "loc": {
          "start": { "line": 54, "column": 2 },
          "end": { "line": 59, "column": null }
        },
        "type": "if",
        "locations": [
          {
            "start": { "line": 54, "column": 2 },
            "end": { "line": 59, "column": null }
          }
        ]
      },
      "2": {
        "loc": {
          "start": { "line": 63, "column": 2 },
          "end": { "line": 65, "column": null }
        },
        "type": "if",
        "locations": [
          {
            "start": { "line": 63, "column": 2 },
            "end": { "line": 65, "column": null }
          }
        ]
      },
      "3": {
        "loc": {
          "start": { "line": 66, "column": 2 },
          "end": { "line": 71, "column": null }
        },
        "type": "if",
        "locations": [
          {
            "start": { "line": 66, "column": 2 },
            "end": { "line": 71, "column": null }
          }
        ]
      },
      "4": {
        "loc": {
          "start": { "line": 72, "column": 2 },
          "end": { "line": 77, "column": null }
        },
        "type": "if",
        "locations": [
          {
            "start": { "line": 72, "column": 2 },
            "end": { "line": 77, "column": null }
          }
        ]
      },
      "5": {
        "loc": {
          "start": { "line": 78, "column": 2 },
          "end": { "line": 83, "column": null }
        },
        "type": "if",
        "locations": [
          {
            "start": { "line": 78, "column": 2 },
            "end": { "line": 83, "column": null }
          }
        ]
      },
      "6": {
        "loc": {
          "start": { "line": 89, "column": 2 },
          "end": { "line": 94, "column": null }
        },
        "type": "if",
        "locations": [
          {
            "start": { "line": 89, "column": 2 },
            "end": { "line": 94, "column": null }
          },
          {
            "start": { "line": 94, "column": 9 },
            "end": { "line": 94, "column": null }
          }
        ]
      },
      "7": {
        "loc": {
          "start": { "line": 89, "column": 6 },
          "end": { "line": 89, "column": 35 }
        },
        "type": "binary-expr",
        "locations": [
          {
            "start": { "line": 89, "column": 6 },
            "end": { "line": 89, "column": 20 }
          },
          {
            "start": { "line": 89, "column": 24 },
            "end": { "line": 89, "column": 35 }
          }
        ]
      },
      "8": {
        "loc": {
          "start": { "line": 98, "column": 2 },
          "end": { "line": 107, "column": null }
        },
        "type": "switch",
        "locations": [
          {
            "start": { "line": 99, "column": 4 },
            "end": { "line": 100, "column": null }
          },
          {
            "start": { "line": 101, "column": 4 },
            "end": { "line": 102, "column": null }
          },
          {
            "start": { "line": 103, "column": 4 },
            "end": { "line": 104, "column": null }
          },
          {
            "start": { "line": 105, "column": 4 },
            "end": { "line": 106, "column": null }
          }
        ]
      },
      "9": {
        "loc": {
          "start": { "line": 111, "column": 2 },
          "end": { "line": 120, "column": null }
        },
        "type": "switch",
        "locations": [
          {
            "start": { "line": 112, "column": 4 },
            "end": { "line": 113, "column": null }
          },
          {
            "start": { "line": 114, "column": 4 },
            "end": { "line": 115, "column": null }
          },
          {
            "start": { "line": 116, "column": 4 },
            "end": { "line": 117, "column": null }
          },
          {
            "start": { "line": 118, "column": 4 },
            "end": { "line": 119, "column": null }
          }
        ]
      },
      "10": {
        "loc": {
          "start": { "line": 161, "column": 10 },
          "end": { "line": 168, "column": null }
        },
        "type": "if",
        "locations": [
          {
            "start": { "line": 161, "column": 10 },
            "end": { "line": 168, "column": null }
          },
          {
            "start": { "line": 163, "column": 17 },
            "end": { "line": 168, "column": null }
          }
        ]
      },
      "11": {
        "loc": {
          "start": { "line": 163, "column": 17 },
          "end": { "line": 168, "column": null }
        },
        "type": "if",
        "locations": [
          {
            "start": { "line": 163, "column": 17 },
            "end": { "line": 168, "column": null }
          }
        ]
      },
      "12": {
        "loc": {
          "start": { "line": 182, "column": 8 },
          "end": { "line": 187, "column": null }
        },
        "type": "if",
        "locations": [
          {
            "start": { "line": 182, "column": 8 },
            "end": { "line": 187, "column": null }
          }
        ]
      },
      "13": {
        "loc": {
          "start": { "line": 189, "column": 8 },
          "end": { "line": 194, "column": null }
        },
        "type": "if",
        "locations": [
          {
            "start": { "line": 189, "column": 8 },
            "end": { "line": 194, "column": null }
          }
        ]
      }
    },
    "s": {
      "0": 0,
      "1": 0,
      "2": 0,
      "3": 0,
      "4": 0,
      "5": 0,
      "6": 0,
      "7": 0,
      "8": 0,
      "9": 0,
      "10": 0,
      "11": 0,
      "12": 0,
      "13": 0,
      "14": 0,
      "15": 0,
      "16": 0,
      "17": 0,
      "18": 0,
      "19": 0,
      "20": 0,
      "21": 0,
      "22": 0,
      "23": 0,
      "24": 0,
      "25": 0,
      "26": 0,
      "27": 0,
      "28": 0,
      "29": 0,
      "30": 0,
      "31": 0,
      "32": 0,
      "33": 0,
      "34": 0,
      "35": 0,
      "36": 0,
      "37": 0,
      "38": 0,
      "39": 0,
      "40": 0,
      "41": 0,
      "42": 0,
      "43": 0,
      "44": 0,
      "45": 0,
      "46": 0,
      "47": 0,
      "48": 0,
      "49": 0,
      "50": 0,
      "51": 0,
      "52": 0,
      "53": 0,
      "54": 0,
      "55": 0,
      "56": 0,
      "57": 0,
      "58": 0,
      "59": 0,
      "60": 0,
      "61": 0,
      "62": 0,
      "63": 0,
      "64": 0,
      "65": 0,
      "66": 0,
      "67": 0,
      "68": 0,
      "69": 0,
      "70": 0,
      "71": 0,
      "72": 0,
      "73": 0
    },
    "f": {
      "0": 0,
      "1": 0,
      "2": 0,
      "3": 0,
      "4": 0,
      "5": 0,
      "6": 0,
      "7": 0,
      "8": 0,
      "9": 0
    },
    "b": {
      "0": [0],
      "1": [0],
      "2": [0],
      "3": [0],
      "4": [0],
      "5": [0],
      "6": [0, 0],
      "7": [0, 0],
      "8": [0, 0, 0, 0],
      "9": [0, 0, 0, 0],
      "10": [0, 0],
      "11": [0],
      "12": [0],
      "13": [0]
    }
  },
  "/Users/serge/Desktop/fiat-connect/src/routes/clock.e2e-spec.ts": {
    "path": "/Users/serge/Desktop/fiat-connect/src/routes/clock.e2e-spec.ts",
    "statementMap": {
      "0": {
        "start": { "line": 1, "column": 0 },
        "end": { "line": 1, "column": 25 }
      },
      "1": {
        "start": { "line": 2, "column": 0 },
        "end": { "line": 2, "column": 34 }
      },
      "2": {
        "start": { "line": 3, "column": 0 },
        "end": { "line": 3, "column": 52 }
      },
      "3": {
        "start": { "line": 4, "column": 0 },
        "end": { "line": 4, "column": 23 }
      },
      "4": {
        "start": { "line": 5, "column": 0 },
        "end": { "line": 5, "column": 51 }
      },
      "5": {
        "start": { "line": 6, "column": 0 },
        "end": { "line": 6, "column": 62 }
      },
      "6": {
        "start": { "line": 7, "column": 0 },
        "end": { "line": 7, "column": 38 }
      },
      "7": {
        "start": { "line": 9, "column": 24 },
        "end": { "line": 9, "column": null }
      },
      "8": {
        "start": { "line": 11, "column": 27 },
        "end": { "line": 11, "column": 49 }
      },
      "9": {
        "start": { "line": 12, "column": 0 },
        "end": { "line": 12, "column": null }
      },
      "10": {
        "start": { "line": 14, "column": 0 },
        "end": { "line": 30, "column": null }
      },
      "11": {
        "start": { "line": 15, "column": 2 },
        "end": { "line": 29, "column": null }
      },
      "12": {
        "start": { "line": 15, "column": 42 },
        "end": { "line": 29, "column": 4 }
      },
      "13": {
        "start": { "line": 16, "column": 10 },
        "end": { "line": 19, "column": null }
      },
      "14": {
        "start": { "line": 18, "column": 28 },
        "end": { "line": 18, "column": null }
      },
      "15": {
        "start": { "line": 20, "column": 21 },
        "end": { "line": 20, "column": null }
      },
      "16": {
        "start": { "line": 20, "column": 10 },
        "end": { "line": 20, "column": null }
      },
      "17": {
        "start": { "line": 21, "column": 4 },
        "end": { "line": 21, "column": null }
      },
      "18": {
        "start": { "line": 22, "column": 4 },
        "end": { "line": 22, "column": null }
      },
      "19": {
        "start": { "line": 23, "column": 10 },
        "end": { "line": 23, "column": null }
      },
      "20": {
        "start": { "line": 24, "column": 4 },
        "end": { "line": 24, "column": null }
      },
      "21": {
        "start": { "line": 25, "column": 10 },
        "end": { "line": 25, "column": null }
      },
      "22": {
        "start": { "line": 26, "column": 4 },
        "end": { "line": 28, "column": null }
      }
    },
    "fnMap": {
      "0": {
        "name": "(anonymous_14)",
        "decl": {
          "start": { "line": 14, "column": 19 },
          "end": { "line": 14, "column": null }
        },
        "loc": {
          "start": { "line": 14, "column": 19 },
          "end": { "line": 30, "column": 1 }
        }
      },
      "1": {
        "name": "(anonymous_15)",
        "decl": {
          "start": { "line": 15, "column": 42 },
          "end": { "line": 15, "column": null }
        },
        "loc": {
          "start": { "line": 15, "column": 42 },
          "end": { "line": 29, "column": 4 }
        }
      },
      "2": {
        "name": "(anonymous_18)",
        "decl": {
          "start": { "line": 18, "column": 22 },
          "end": { "line": 18, "column": 28 }
        },
        "loc": {
          "start": { "line": 18, "column": 22 },
          "end": { "line": 18, "column": 32 }
        }
      }
    },
    "branchMap": {
      "0": {
        "loc": {
          "start": { "line": 23, "column": 26 },
          "end": { "line": 23, "column": 45 }
        },
        "type": "cond-expr",
        "locations": [
          {
            "start": { "line": 23, "column": 39 },
            "end": { "line": 23, "column": 41 }
          },
          {
            "start": { "line": 23, "column": 39 },
            "end": { "line": 23, "column": 45 }
          }
        ]
      },
      "1": {
        "loc": {
          "start": { "line": 23, "column": 26 },
          "end": { "line": 23, "column": 41 }
        },
        "type": "binary-expr",
        "locations": [
          {
            "start": { "line": 23, "column": 26 },
            "end": { "line": 23, "column": 41 }
          },
          {
            "start": { "line": 23, "column": 39 },
            "end": { "line": 23, "column": 41 }
          }
        ]
      }
    },
    "s": {
      "0": 0,
      "1": 0,
      "2": 0,
      "3": 0,
      "4": 0,
      "5": 0,
      "6": 0,
      "7": 0,
      "8": 0,
      "9": 0,
      "10": 0,
      "11": 0,
      "12": 0,
      "13": 0,
      "14": 0,
      "15": 0,
      "16": 0,
      "17": 0,
      "18": 0,
      "19": 0,
      "20": 0,
      "21": 0,
      "22": 0
    },
    "f": { "0": 0, "1": 0, "2": 0 },
    "b": { "0": [0, 0], "1": [0, 0] }
  },
  "/Users/serge/Desktop/fiat-connect/src/routes/kyc.ts": {
    "path": "/Users/serge/Desktop/fiat-connect/src/routes/kyc.ts",
    "statementMap": {
      "0": {
        "start": { "line": 1, "column": 0 },
        "end": { "line": 1, "column": 29 }
      },
      "1": {
        "start": { "line": 3, "column": 0 },
        "end": { "line": 3, "column": 42 }
      },
      "2": {
        "start": { "line": 4, "column": 0 },
        "end": { "line": 4, "column": 43 }
      },
      "3": {
        "start": { "line": 6, "column": 0 },
        "end": { "line": 6, "column": 63 }
      },
      "4": {
        "start": { "line": 7, "column": 0 },
        "end": { "line": 7, "column": 42 }
      },
      "5": {
        "start": { "line": 8, "column": 0 },
        "end": { "line": 8, "column": null }
      },
      "6": {
        "start": { "line": 14, "column": 0 },
        "end": { "line": 14, "column": 16 }
      },
      "7": {
        "start": { "line": 15, "column": 22 },
        "end": { "line": 15, "column": null }
      },
      "8": {
        "start": { "line": 16, "column": 12 },
        "end": { "line": 16, "column": null }
      },
      "9": {
        "start": { "line": 21, "column": 17 },
        "end": { "line": 21, "column": 33 }
      },
      "10": {
        "start": { "line": 23, "column": 2 },
        "end": { "line": 23, "column": null }
      },
      "11": {
        "start": { "line": 24, "column": 2 },
        "end": { "line": 24, "column": null }
      },
      "12": {
        "start": { "line": 26, "column": 42 },
        "end": { "line": 36, "column": 3 }
      },
      "13": {
        "start": { "line": 31, "column": 4 },
        "end": { "line": 34, "column": null }
      },
      "14": {
        "start": { "line": 35, "column": 4 },
        "end": { "line": 35, "column": null }
      },
      "15": {
        "start": { "line": 38, "column": 2 },
        "end": { "line": 84, "column": null }
      },
      "16": {
        "start": { "line": 48, "column": 30 },
        "end": { "line": 82, "column": null }
      },
      "17": {
        "start": { "line": 50, "column": 14 },
        "end": { "line": 50, "column": null }
      },
      "18": {
        "start": { "line": 53, "column": 14 },
        "end": { "line": 55, "column": null }
      },
      "19": {
        "start": { "line": 59, "column": 16 },
        "end": { "line": 59, "column": null }
      },
      "20": {
        "start": { "line": 60, "column": 16 },
        "end": { "line": 60, "column": null }
      },
      "21": {
        "start": { "line": 62, "column": 10 },
        "end": { "line": 62, "column": null }
      },
      "22": {
        "start": { "line": 63, "column": 10 },
        "end": { "line": 63, "column": null }
      },
      "23": {
        "start": { "line": 64, "column": 10 },
        "end": { "line": 64, "column": null }
      },
      "24": {
        "start": { "line": 65, "column": 10 },
        "end": { "line": 65, "column": null }
      },
      "25": {
        "start": { "line": 66, "column": 10 },
        "end": { "line": 66, "column": null }
      },
      "26": {
        "start": { "line": 67, "column": 10 },
        "end": { "line": 67, "column": null }
      },
      "27": {
        "start": { "line": 68, "column": 10 },
        "end": { "line": 68, "column": null }
      },
      "28": {
        "start": { "line": 69, "column": 10 },
        "end": { "line": 69, "column": null }
      },
      "29": {
        "start": { "line": 70, "column": 10 },
        "end": { "line": 71, "column": null }
      },
      "30": {
        "start": { "line": 72, "column": 10 },
        "end": { "line": 72, "column": null }
      },
      "31": {
        "start": { "line": 73, "column": 10 },
        "end": { "line": 73, "column": null }
      },
      "32": {
        "start": { "line": 75, "column": 10 },
        "end": { "line": 75, "column": null }
      },
      "33": {
        "start": { "line": 76, "column": 10 },
        "end": { "line": 76, "column": null }
      },
      "34": {
        "start": { "line": 78, "column": 10 },
        "end": { "line": 80, "column": null }
      },
      "35": {
        "start": { "line": 86, "column": 2 },
        "end": { "line": 115, "column": null }
      },
      "36": {
        "start": { "line": 92, "column": 30 },
        "end": { "line": 113, "column": null }
      },
      "37": {
        "start": { "line": 96, "column": 16 },
        "end": { "line": 96, "column": null }
      },
      "38": {
        "start": { "line": 97, "column": 16 },
        "end": { "line": 97, "column": null }
      },
      "39": {
        "start": { "line": 98, "column": 14 },
        "end": { "line": 98, "column": null }
      },
      "40": {
        "start": { "line": 99, "column": 14 },
        "end": { "line": 99, "column": 25 }
      },
      "41": {
        "start": { "line": 100, "column": 21 },
        "end": { "line": 105, "column": null }
      },
      "42": {
        "start": { "line": 100, "column": 12 },
        "end": { "line": 105, "column": null }
      },
      "43": {
        "start": { "line": 107, "column": 10 },
        "end": { "line": 107, "column": null }
      },
      "44": {
        "start": { "line": 109, "column": 10 },
        "end": { "line": 111, "column": null }
      },
      "45": {
        "start": { "line": 117, "column": 2 },
        "end": { "line": 147, "column": null }
      },
      "46": {
        "start": { "line": 123, "column": 30 },
        "end": { "line": 145, "column": null }
      },
      "47": {
        "start": { "line": 127, "column": 16 },
        "end": { "line": 127, "column": null }
      },
      "48": {
        "start": { "line": 129, "column": 16 },
        "end": { "line": 129, "column": null }
      },
      "49": {
        "start": { "line": 130, "column": 14 },
        "end": { "line": 130, "column": null }
      },
      "50": {
        "start": { "line": 131, "column": 14 },
        "end": { "line": 131, "column": 25 }
      },
      "51": {
        "start": { "line": 132, "column": 21 },
        "end": { "line": 137, "column": null }
      },
      "52": {
        "start": { "line": 132, "column": 12 },
        "end": { "line": 137, "column": null }
      },
      "53": {
        "start": { "line": 138, "column": 10 },
        "end": { "line": 138, "column": null }
      },
      "54": {
        "start": { "line": 139, "column": 10 },
        "end": { "line": 139, "column": null }
      },
      "55": {
        "start": { "line": 141, "column": 10 },
        "end": { "line": 143, "column": null }
      },
      "56": {
        "start": { "line": 149, "column": 2 },
        "end": { "line": 149, "column": null }
      }
    },
    "fnMap": {
      "0": {
        "name": "kycRouter",
        "decl": {
          "start": { "line": 14, "column": 16 },
          "end": { "line": 14, "column": 25 }
        },
        "loc": {
          "start": { "line": 20, "column": 1 },
          "end": { "line": 150, "column": 1 }
        }
      },
      "1": {
        "name": "(anonymous_15)",
        "decl": {
          "start": { "line": 26, "column": 42 },
          "end": { "line": 26, "column": null }
        },
        "loc": {
          "start": { "line": 29, "column": 30 },
          "end": { "line": 36, "column": 3 }
        }
      },
      "2": {
        "name": "(anonymous_16)",
        "decl": {
          "start": { "line": 42, "column": 6 },
          "end": { "line": 42, "column": null }
        },
        "loc": {
          "start": { "line": 48, "column": 30 },
          "end": { "line": 82, "column": null }
        }
      },
      "3": {
        "name": "(anonymous_17)",
        "decl": {
          "start": { "line": 48, "column": 30 },
          "end": { "line": 48, "column": null }
        },
        "loc": {
          "start": { "line": 48, "column": 30 },
          "end": { "line": 82, "column": null }
        }
      },
      "4": {
        "name": "(anonymous_19)",
        "decl": {
          "start": { "line": 90, "column": 6 },
          "end": { "line": 90, "column": null }
        },
        "loc": {
          "start": { "line": 92, "column": 30 },
          "end": { "line": 113, "column": null }
        }
      },
      "5": {
        "name": "(anonymous_20)",
        "decl": {
          "start": { "line": 92, "column": 30 },
          "end": { "line": 92, "column": null }
        },
        "loc": {
          "start": { "line": 92, "column": 30 },
          "end": { "line": 113, "column": null }
        }
      },
      "6": {
        "name": "(anonymous_22)",
        "decl": {
          "start": { "line": 121, "column": 6 },
          "end": { "line": 121, "column": null }
        },
        "loc": {
          "start": { "line": 123, "column": 30 },
          "end": { "line": 145, "column": null }
        }
      },
      "7": {
        "name": "(anonymous_23)",
        "decl": {
          "start": { "line": 123, "column": 30 },
          "end": { "line": 123, "column": null }
        },
        "loc": {
          "start": { "line": 123, "column": 30 },
          "end": { "line": 145, "column": null }
        }
      }
    },
    "branchMap": {
      "0": {
        "loc": {
          "start": { "line": 50, "column": 28 },
          "end": { "line": 50, "column": 53 }
        },
        "type": "cond-expr",
        "locations": [
          {
            "start": { "line": 50, "column": 44 },
            "end": { "line": 50, "column": 46 }
          },
          {
            "start": { "line": 50, "column": 44 },
            "end": { "line": 50, "column": 53 }
          }
        ]
      },
      "1": {
        "loc": {
          "start": { "line": 50, "column": 28 },
          "end": { "line": 50, "column": 46 }
        },
        "type": "binary-expr",
        "locations": [
          {
            "start": { "line": 50, "column": 28 },
            "end": { "line": 50, "column": 46 }
          },
          {
            "start": { "line": 50, "column": 44 },
            "end": { "line": 50, "column": 46 }
          }
        ]
      },
      "2": {
        "loc": {
          "start": { "line": 62, "column": 27 },
          "end": { "line": 62, "column": 51 }
        },
        "type": "cond-expr",
        "locations": [
          {
            "start": { "line": 62, "column": 42 },
            "end": { "line": 62, "column": 44 }
          },
          {
            "start": { "line": 62, "column": 27 },
            "end": { "line": 62, "column": 51 }
          }
        ]
      },
      "3": {
        "loc": {
          "start": { "line": 62, "column": 27 },
          "end": { "line": 62, "column": 44 }
        },
        "type": "binary-expr",
        "locations": [
          {
            "start": { "line": 62, "column": 27 },
            "end": { "line": 62, "column": 44 }
          },
          {
            "start": { "line": 62, "column": 27 },
            "end": { "line": 62, "column": 44 }
          }
        ]
      },
      "4": {
        "loc": {
          "start": { "line": 63, "column": 31 },
          "end": { "line": 63, "column": 59 }
        },
        "type": "cond-expr",
        "locations": [
          {
            "start": { "line": 63, "column": 46 },
            "end": { "line": 63, "column": 48 }
          },
          {
            "start": { "line": 63, "column": 31 },
            "end": { "line": 63, "column": 59 }
          }
        ]
      },
      "5": {
        "loc": {
          "start": { "line": 63, "column": 31 },
          "end": { "line": 63, "column": 48 }
        },
        "type": "binary-expr",
        "locations": [
          {
            "start": { "line": 63, "column": 31 },
            "end": { "line": 63, "column": 48 }
          },
          {
            "start": { "line": 63, "column": 31 },
            "end": { "line": 63, "column": 48 }
          }
        ]
      },
      "6": {
        "loc": {
          "start": { "line": 64, "column": 29 },
          "end": { "line": 64, "column": 55 }
        },
        "type": "cond-expr",
        "locations": [
          {
            "start": { "line": 64, "column": 44 },
            "end": { "line": 64, "column": 46 }
          },
          {
            "start": { "line": 64, "column": 29 },
            "end": { "line": 64, "column": 55 }
          }
        ]
      },
      "7": {
        "loc": {
          "start": { "line": 64, "column": 29 },
          "end": { "line": 64, "column": 46 }
        },
        "type": "binary-expr",
        "locations": [
          {
            "start": { "line": 64, "column": 29 },
            "end": { "line": 64, "column": 46 }
          },
          {
            "start": { "line": 64, "column": 29 },
            "end": { "line": 64, "column": 46 }
          }
        ]
      },
      "8": {
        "loc": {
          "start": { "line": 65, "column": 25 },
          "end": { "line": 65, "column": 69 }
        },
        "type": "cond-expr",
        "locations": [
          {
            "start": { "line": 65, "column": 53 },
            "end": { "line": 65, "column": 64 }
          },
          {
            "start": { "line": 65, "column": 67 },
            "end": { "line": 65, "column": 69 }
          }
        ]
      },
      "9": {
        "loc": {
          "start": { "line": 66, "column": 28 },
          "end": { "line": 66, "column": 53 }
        },
        "type": "cond-expr",
        "locations": [
          {
            "start": { "line": 66, "column": 43 },
            "end": { "line": 66, "column": 45 }
          },
          {
            "start": { "line": 66, "column": 28 },
            "end": { "line": 66, "column": 53 }
          }
        ]
      },
      "10": {
        "loc": {
          "start": { "line": 66, "column": 28 },
          "end": { "line": 66, "column": 45 }
        },
        "type": "binary-expr",
        "locations": [
          {
            "start": { "line": 66, "column": 28 },
            "end": { "line": 66, "column": 45 }
          },
          {
            "start": { "line": 66, "column": 28 },
            "end": { "line": 66, "column": 45 }
          }
        ]
      },
      "11": {
        "loc": {
          "start": { "line": 67, "column": 30 },
          "end": { "line": 67, "column": 57 }
        },
        "type": "cond-expr",
        "locations": [
          {
            "start": { "line": 67, "column": 45 },
            "end": { "line": 67, "column": 47 }
          },
          {
            "start": { "line": 67, "column": 30 },
            "end": { "line": 67, "column": 57 }
          }
        ]
      },
      "12": {
        "loc": {
          "start": { "line": 67, "column": 30 },
          "end": { "line": 67, "column": 47 }
        },
        "type": "binary-expr",
        "locations": [
          {
            "start": { "line": 67, "column": 30 },
            "end": { "line": 67, "column": 47 }
          },
          {
            "start": { "line": 67, "column": 30 },
            "end": { "line": 67, "column": 47 }
          }
        ]
      },
      "13": {
        "loc": {
          "start": { "line": 68, "column": 31 },
          "end": { "line": 68, "column": 59 }
        },
        "type": "cond-expr",
        "locations": [
          {
            "start": { "line": 68, "column": 46 },
            "end": { "line": 68, "column": 48 }
          },
          {
            "start": { "line": 68, "column": 31 },
            "end": { "line": 68, "column": 59 }
          }
        ]
      },
      "14": {
        "loc": {
          "start": { "line": 68, "column": 31 },
          "end": { "line": 68, "column": 48 }
        },
        "type": "binary-expr",
        "locations": [
          {
            "start": { "line": 68, "column": 31 },
            "end": { "line": 68, "column": 48 }
          },
          {
            "start": { "line": 68, "column": 31 },
            "end": { "line": 68, "column": 48 }
          }
        ]
      },
      "15": {
        "loc": {
          "start": { "line": 69, "column": 34 },
          "end": { "line": 69, "column": 65 }
        },
        "type": "cond-expr",
        "locations": [
          {
            "start": { "line": 69, "column": 49 },
            "end": { "line": 69, "column": 51 }
          },
          {
            "start": { "line": 69, "column": 34 },
            "end": { "line": 69, "column": 65 }
          }
        ]
      },
      "16": {
        "loc": {
          "start": { "line": 69, "column": 34 },
          "end": { "line": 69, "column": 51 }
        },
        "type": "binary-expr",
        "locations": [
          {
            "start": { "line": 69, "column": 34 },
            "end": { "line": 69, "column": 51 }
          },
          {
            "start": { "line": 69, "column": 34 },
            "end": { "line": 69, "column": 51 }
          }
        ]
      },
      "17": {
        "loc": {
          "start": { "line": 71, "column": 12 },
          "end": { "line": 71, "column": 51 }
        },
        "type": "cond-expr",
        "locations": [
          {
            "start": { "line": 71, "column": 27 },
            "end": { "line": 71, "column": 29 }
          },
          {
            "start": { "line": 71, "column": 12 },
            "end": { "line": 71, "column": 51 }
          }
        ]
      },
      "18": {
        "loc": {
          "start": { "line": 71, "column": 12 },
          "end": { "line": 71, "column": 29 }
        },
        "type": "binary-expr",
        "locations": [
          {
            "start": { "line": 71, "column": 12 },
            "end": { "line": 71, "column": 29 }
          },
          {
            "start": { "line": 71, "column": 12 },
            "end": { "line": 71, "column": 29 }
          }
        ]
      },
      "19": {
        "loc": {
          "start": { "line": 107, "column": 10 },
          "end": { "line": 107, "column": null }
        },
        "type": "switch",
        "locations": [
          {
            "start": { "line": 107, "column": 10 },
            "end": { "line": 107, "column": null }
          }
        ]
      },
      "20": {
        "loc": {
          "start": { "line": 97, "column": 30 },
          "end": { "line": 97, "column": 56 }
        },
        "type": "cond-expr",
        "locations": [
          {
            "start": { "line": 97, "column": 47 },
            "end": { "line": 97, "column": 49 }
          },
          {
            "start": { "line": 97, "column": 47 },
            "end": { "line": 97, "column": 56 }
          }
        ]
      },
      "21": {
        "loc": {
          "start": { "line": 97, "column": 30 },
          "end": { "line": 97, "column": 49 }
        },
        "type": "binary-expr",
        "locations": [
          {
            "start": { "line": 97, "column": 30 },
            "end": { "line": 97, "column": 49 }
          },
          {
            "start": { "line": 97, "column": 47 },
            "end": { "line": 97, "column": 49 }
          }
        ]
      },
      "22": {
        "loc": {
          "start": { "line": 99, "column": 14 },
          "end": { "line": 99, "column": 25 }
        },
        "type": "if",
        "locations": [
          {
            "start": { "line": 99, "column": 14 },
            "end": { "line": 99, "column": 25 }
          }
        ]
      },
      "23": {
        "loc": {
          "start": { "line": 107, "column": 37 },
          "end": { "line": 107, "column": 51 }
        },
        "type": "cond-expr",
        "locations": [
          {
            "start": { "line": 107, "column": 43 },
            "end": { "line": 107, "column": 45 }
          },
          {
            "start": { "line": 107, "column": 37 },
            "end": { "line": 107, "column": 51 }
          }
        ]
      },
      "24": {
        "loc": {
          "start": { "line": 107, "column": 37 },
          "end": { "line": 107, "column": 45 }
        },
        "type": "binary-expr",
        "locations": [
          {
            "start": { "line": 107, "column": 37 },
            "end": { "line": 107, "column": 45 }
          },
          {
            "start": { "line": 107, "column": 37 },
            "end": { "line": 107, "column": 45 }
          }
        ]
      },
      "25": {
        "loc": {
          "start": { "line": 138, "column": 10 },
          "end": { "line": 138, "column": null }
        },
        "type": "switch",
        "locations": [
          {
            "start": { "line": 138, "column": 10 },
            "end": { "line": 138, "column": null }
          }
        ]
      },
      "26": {
        "loc": {
          "start": { "line": 129, "column": 30 },
          "end": { "line": 129, "column": 56 }
        },
        "type": "cond-expr",
        "locations": [
          {
            "start": { "line": 129, "column": 47 },
            "end": { "line": 129, "column": 49 }
          },
          {
            "start": { "line": 129, "column": 47 },
            "end": { "line": 129, "column": 56 }
          }
        ]
      },
      "27": {
        "loc": {
          "start": { "line": 129, "column": 30 },
          "end": { "line": 129, "column": 49 }
        },
        "type": "binary-expr",
        "locations": [
          {
            "start": { "line": 129, "column": 30 },
            "end": { "line": 129, "column": 49 }
          },
          {
            "start": { "line": 129, "column": 47 },
            "end": { "line": 129, "column": 49 }
          }
        ]
      },
      "28": {
        "loc": {
          "start": { "line": 131, "column": 14 },
          "end": { "line": 131, "column": 25 }
        },
        "type": "if",
        "locations": [
          {
            "start": { "line": 131, "column": 14 },
            "end": { "line": 131, "column": 25 }
          }
        ]
      }
    },
    "s": {
      "0": 0,
      "1": 0,
      "2": 0,
      "3": 0,
      "4": 0,
      "5": 0,
      "6": 0,
      "7": 0,
      "8": 0,
      "9": 0,
      "10": 0,
      "11": 0,
      "12": 0,
      "13": 0,
      "14": 0,
      "15": 0,
      "16": 0,
      "17": 0,
      "18": 0,
      "19": 0,
      "20": 0,
      "21": 0,
      "22": 0,
      "23": 0,
      "24": 0,
      "25": 0,
      "26": 0,
      "27": 0,
      "28": 0,
      "29": 0,
      "30": 0,
      "31": 0,
      "32": 0,
      "33": 0,
      "34": 0,
      "35": 0,
      "36": 0,
      "37": 0,
      "38": 0,
      "39": 0,
      "40": 0,
      "41": 0,
      "42": 0,
      "43": 0,
      "44": 0,
      "45": 0,
      "46": 0,
      "47": 0,
      "48": 0,
      "49": 0,
      "50": 0,
      "51": 0,
      "52": 0,
      "53": 0,
      "54": 0,
      "55": 0,
      "56": 0
    },
    "f": { "0": 0, "1": 0, "2": 0, "3": 0, "4": 0, "5": 0, "6": 0, "7": 0 },
    "b": {
      "0": [0, 0],
      "1": [0, 0],
      "2": [0, 0],
      "3": [0, 0],
      "4": [0, 0],
      "5": [0, 0],
      "6": [0, 0],
      "7": [0, 0],
      "8": [0, 0],
      "9": [0, 0],
      "10": [0, 0],
      "11": [0, 0],
      "12": [0, 0],
      "13": [0, 0],
      "14": [0, 0],
      "15": [0, 0],
      "16": [0, 0],
      "17": [0, 0],
      "18": [0, 0],
      "19": [0],
      "20": [0, 0],
      "21": [0, 0],
      "22": [0],
      "23": [0, 0],
      "24": [0, 0],
      "25": [0],
      "26": [0, 0],
      "27": [0, 0],
      "28": [0]
    }
  },
  "/Users/serge/Desktop/fiat-connect/src/routes/quote.e2e-spec.ts": {
    "path": "/Users/serge/Desktop/fiat-connect/src/routes/quote.e2e-spec.ts",
    "statementMap": {
      "0": {
        "start": { "line": 1, "column": 0 },
        "end": { "line": 1, "column": 51 }
      },
      "1": {
        "start": { "line": 2, "column": 0 },
        "end": { "line": 2, "column": 34 }
      },
      "2": {
        "start": { "line": 3, "column": 0 },
        "end": { "line": 3, "column": 23 }
      },
      "3": {
        "start": { "line": 5, "column": 0 },
        "end": { "line": 5, "column": 50 }
      },
      "4": {
        "start": { "line": 6, "column": 0 },
        "end": { "line": 6, "column": 62 }
      },
      "5": {
        "start": { "line": 7, "column": 0 },
        "end": { "line": 7, "column": 47 }
      },
      "6": {
        "start": { "line": 8, "column": 0 },
        "end": { "line": 8, "column": 31 }
      },
      "7": {
        "start": { "line": 9, "column": 0 },
        "end": { "line": 9, "column": 38 }
      },
      "8": {
        "start": { "line": 11, "column": 24 },
        "end": { "line": 11, "column": null }
      },
      "9": {
        "start": { "line": 13, "column": 27 },
        "end": { "line": 13, "column": 49 }
      },
      "10": {
        "start": { "line": 14, "column": 0 },
        "end": { "line": 14, "column": null }
      },
      "11": {
        "start": { "line": 16, "column": 12 },
        "end": { "line": 16, "column": 35 }
      },
      "12": {
        "start": { "line": 18, "column": 16 },
        "end": { "line": 18, "column": 39 }
      },
      "13": {
        "start": { "line": 20, "column": 23 },
        "end": { "line": 20, "column": 44 }
      },
      "14": {
        "start": { "line": 22, "column": 37 },
        "end": { "line": 24, "column": 6 }
      },
      "15": {
        "start": { "line": 26, "column": 0 },
        "end": { "line": 55, "column": null }
      },
      "16": {
        "start": { "line": 27, "column": 2 },
        "end": { "line": 54, "column": null }
      },
      "17": {
        "start": { "line": 28, "column": 19 },
        "end": { "line": 28, "column": 47 }
      },
      "18": {
        "start": { "line": 29, "column": 21 },
        "end": { "line": 31, "column": null }
      },
      "19": {
        "start": { "line": 33, "column": 4 },
        "end": { "line": 42, "column": null }
      },
      "20": {
        "start": { "line": 33, "column": 37 },
        "end": { "line": 42, "column": 6 }
      },
      "21": {
        "start": { "line": 34, "column": 12 },
        "end": { "line": 38, "column": null }
      },
      "22": {
        "start": { "line": 36, "column": 30 },
        "end": { "line": 36, "column": null }
      },
      "23": {
        "start": { "line": 39, "column": 23 },
        "end": { "line": 39, "column": null }
      },
      "24": {
[...]
          "end": { "line": 222, "column": null }
        },
        "loc": {
          "start": { "line": 224, "column": 29 },
          "end": { "line": 248, "column": null }
        }
      },
      "8": {
        "name": "(anonymous_30)",
        "decl": {
          "start": { "line": 224, "column": 29 },
          "end": { "line": 224, "column": null }
        },
        "loc": {
          "start": { "line": 224, "column": 29 },
          "end": { "line": 248, "column": null }
        }
      },
      "9": {
        "name": "validateIdempotencyKey",
        "decl": {
          "start": { "line": 255, "column": 15 },
          "end": { "line": 255, "column": 37 }
        },
        "loc": {
          "start": { "line": 255, "column": 71 },
          "end": { "line": 268, "column": null }
        }
      },
      "10": {
        "name": "markKeyAsUsed",
        "decl": {
          "start": { "line": 270, "column": 15 },
          "end": { "line": 270, "column": 28 }
        },
        "loc": {
          "start": { "line": 270, "column": 73 },
          "end": { "line": 280, "column": null }
        }
      }
    },
    "branchMap": {
      "0": {
        "loc": {
          "start": { "line": 25, "column": 2 },
          "end": { "line": 27, "column": 8 }
        },
        "type": "cond-expr",
        "locations": [
          {
            "start": { "line": 26, "column": 6 },
            "end": { "line": 26, "column": 36 }
          },
          {
            "start": { "line": 27, "column": 6 },
            "end": { "line": 27, "column": 8 }
          }
        ]
      },
      "1": {
        "loc": {
          "start": { "line": 30, "column": 2 },
          "end": { "line": 32, "column": 8 }
        },
        "type": "cond-expr",
        "locations": [
          {
            "start": { "line": 31, "column": 6 },
            "end": { "line": 31, "column": 38 }
          },
          {
            "start": { "line": 32, "column": 6 },
            "end": { "line": 32, "column": 8 }
          }
        ]
      },
      "2": {
        "loc": {
          "start": { "line": 90, "column": 10 },
          "end": { "line": 90, "column": null }
        },
        "type": "switch",
        "locations": [
          {
            "start": { "line": 90, "column": 10 },
            "end": { "line": 90, "column": null }
          },
          {
            "start": { "line": 135, "column": 25 },
            "end": { "line": 137, "column": null }
          }
        ]
      },
      "3": {
        "loc": {
          "start": { "line": 84, "column": 31 },
          "end": { "line": 84, "column": 73 }
        },
        "type": "cond-expr",
        "locations": [
          {
            "start": { "line": 84, "column": 61 },
            "end": { "line": 84, "column": 63 }
          },
          {
            "start": { "line": 84, "column": 61 },
            "end": { "line": 84, "column": 73 }
          }
        ]
      },
      "4": {
        "loc": {
          "start": { "line": 84, "column": 31 },
          "end": { "line": 84, "column": 63 }
        },
        "type": "binary-expr",
        "locations": [
          {
            "start": { "line": 84, "column": 31 },
            "end": { "line": 84, "column": 63 }
          },
          {
            "start": { "line": 84, "column": 61 },
            "end": { "line": 84, "column": 63 }
          }
        ]
      },
      "5": {
        "loc": {
          "start": { "line": 87, "column": 12 },
          "end": { "line": 87, "column": 26 }
        },
        "type": "if",
        "locations": [
          {
            "start": { "line": 87, "column": 12 },
            "end": { "line": 87, "column": 26 }
          }
        ]
      },
      "6": {
        "loc": {
          "start": { "line": 93, "column": 12 },
          "end": { "line": 93, "column": 22 }
        },
        "type": "if",
        "locations": [
          {
            "start": { "line": 93, "column": 12 },
            "end": { "line": 93, "column": 22 }
          }
        ]
      },
      "7": {
        "loc": {
          "start": { "line": 110, "column": 33 },
          "end": { "line": 110, "column": 51 }
        },
        "type": "cond-expr",
        "locations": [
          {
            "start": { "line": 110, "column": 38 },
            "end": { "line": 110, "column": 40 }
          },
          {
            "start": { "line": 110, "column": 33 },
            "end": { "line": 110, "column": 51 }
          }
        ]
      },
      "8": {
        "loc": {
          "start": { "line": 110, "column": 33 },
          "end": { "line": 110, "column": 40 }
        },
        "type": "binary-expr",
        "locations": [
          {
            "start": { "line": 110, "column": 33 },
            "end": { "line": 110, "column": 40 }
          },
          {
            "start": { "line": 110, "column": 33 },
            "end": { "line": 110, "column": 40 }
          }
        ]
      },
      "9": {
        "loc": {
          "start": { "line": 111, "column": 40 },
          "end": { "line": 111, "column": 52 }
        },
        "type": "cond-expr",
        "locations": [
          {
            "start": { "line": 111, "column": 45 },
            "end": { "line": 111, "column": 47 }
          },
          {
            "start": { "line": 111, "column": 40 },
            "end": { "line": 111, "column": 52 }
          }
        ]
      },
      "10": {
        "loc": {
          "start": { "line": 111, "column": 40 },
          "end": { "line": 111, "column": 47 }
        },
        "type": "binary-expr",
        "locations": [
          {
            "start": { "line": 111, "column": 40 },
            "end": { "line": 111, "column": 47 }
          },
          {
            "start": { "line": 111, "column": 40 },
            "end": { "line": 111, "column": 47 }
          }
        ]
      },
      "11": {
        "loc": {
          "start": { "line": 113, "column": 30 },
          "end": { "line": 113, "column": 54 }
        },
        "type": "cond-expr",
        "locations": [
          {
            "start": { "line": 113, "column": 44 },
            "end": { "line": 113, "column": 46 }
          },
          {
            "start": { "line": 113, "column": 30 },
            "end": { "line": 113, "column": 54 }
          }
        ]
      },
      "12": {
        "loc": {
          "start": { "line": 113, "column": 30 },
          "end": { "line": 113, "column": 46 }
        },
        "type": "binary-expr",
        "locations": [
          {
            "start": { "line": 113, "column": 30 },
            "end": { "line": 113, "column": 46 }
          },
          {
            "start": { "line": 113, "column": 30 },
            "end": { "line": 113, "column": 46 }
          }
        ]
      },
      "13": {
        "loc": {
          "start": { "line": 114, "column": 32 },
          "end": { "line": 114, "column": 58 }
        },
        "type": "cond-expr",
        "locations": [
          {
            "start": { "line": 114, "column": 46 },
            "end": { "line": 114, "column": 48 }
          },
          {
            "start": { "line": 114, "column": 32 },
            "end": { "line": 114, "column": 58 }
          }
        ]
      },
      "14": {
        "loc": {
          "start": { "line": 114, "column": 32 },
          "end": { "line": 114, "column": 48 }
        },
        "type": "binary-expr",
        "locations": [
          {
            "start": { "line": 114, "column": 32 },
            "end": { "line": 114, "column": 48 }
          },
          {
            "start": { "line": 114, "column": 32 },
            "end": { "line": 114, "column": 48 }
          }
        ]
      },
      "15": {
        "loc": {
          "start": { "line": 115, "column": 36 },
          "end": { "line": 115, "column": 73 }
        },
        "type": "cond-expr",
        "locations": [
          {
            "start": { "line": 115, "column": 50 },
            "end": { "line": 115, "column": 52 }
          },
          {
            "start": { "line": 115, "column": 36 },
            "end": { "line": 115, "column": 73 }
          }
        ]
      },
      "16": {
        "loc": {
          "start": { "line": 115, "column": 36 },
          "end": { "line": 115, "column": 52 }
        },
        "type": "binary-expr",
        "locations": [
          {
            "start": { "line": 115, "column": 36 },
            "end": { "line": 115, "column": 52 }
          },
          {
            "start": { "line": 115, "column": 36 },
            "end": { "line": 115, "column": 52 }
          }
        ]
      },
      "17": {
        "loc": {
          "start": { "line": 116, "column": 36 },
          "end": { "line": 116, "column": 75 }
        },
        "type": "cond-expr",
        "locations": [
          {
            "start": { "line": 116, "column": 50 },
            "end": { "line": 116, "column": 52 }
          },
          {
            "start": { "line": 116, "column": 36 },
            "end": { "line": 116, "column": 75 }
          }
        ]
      },
      "18": {
        "loc": {
          "start": { "line": 116, "column": 36 },
          "end": { "line": 116, "column": 52 }
        },
        "type": "binary-expr",
        "locations": [
          {
            "start": { "line": 116, "column": 36 },
            "end": { "line": 116, "column": 52 }
          },
          {
            "start": { "line": 116, "column": 36 },
            "end": { "line": 116, "column": 52 }
          }
        ]
      },
      "19": {
        "loc": {
          "start": { "line": 205, "column": 25 },
          "end": { "line": 207, "column": null }
        },
        "type": "switch",
        "locations": [
          {
            "start": { "line": 205, "column": 25 },
            "end": { "line": 207, "column": null }
          }
        ]
      },
      "20": {
        "loc": {
          "start": { "line": 156, "column": 31 },
          "end": { "line": 156, "column": 73 }
        },
        "type": "cond-expr",
        "locations": [
          {
            "start": { "line": 156, "column": 61 },
            "end": { "line": 156, "column": 63 }
          },
          {
            "start": { "line": 156, "column": 61 },
            "end": { "line": 156, "column": 73 }
          }
        ]
      },
      "21": {
        "loc": {
          "start": { "line": 156, "column": 31 },
          "end": { "line": 156, "column": 63 }
        },
        "type": "binary-expr",
        "locations": [
          {
            "start": { "line": 156, "column": 31 },
            "end": { "line": 156, "column": 63 }
          },
          {
            "start": { "line": 156, "column": 61 },
            "end": { "line": 156, "column": 63 }
          }
        ]
      },
      "22": {
        "loc": {
          "start": { "line": 158, "column": 8 },
          "end": { "line": 160, "column": null }
        },
        "type": "if",
        "locations": [
          {
            "start": { "line": 158, "column": 8 },
            "end": { "line": 160, "column": null }
          }
        ]
      },
      "23": {
        "loc": {
          "start": { "line": 165, "column": 12 },
          "end": { "line": 165, "column": 19 }
        },
        "type": "if",
        "locations": [
          {
            "start": { "line": 165, "column": 12 },
            "end": { "line": 165, "column": 19 }
          }
        ]
      },
      "24": {
        "loc": {
          "start": { "line": 183, "column": 33 },
          "end": { "line": 183, "column": 51 }
        },
        "type": "cond-expr",
        "locations": [
          {
            "start": { "line": 183, "column": 38 },
            "end": { "line": 183, "column": 40 }
          },
          {
            "start": { "line": 183, "column": 33 },
            "end": { "line": 183, "column": 51 }
          }
        ]
      },
      "25": {
        "loc": {
          "start": { "line": 183, "column": 33 },
          "end": { "line": 183, "column": 40 }
        },
        "type": "binary-expr",
        "locations": [
          {
            "start": { "line": 183, "column": 33 },
            "end": { "line": 183, "column": 40 }
          },
          {
            "start": { "line": 183, "column": 33 },
            "end": { "line": 183, "column": 40 }
          }
        ]
      },
      "26": {
        "loc": {
          "start": { "line": 184, "column": 40 },
          "end": { "line": 184, "column": 52 }
        },
        "type": "cond-expr",
        "locations": [
          {
            "start": { "line": 184, "column": 45 },
            "end": { "line": 184, "column": 47 }
          },
          {
            "start": { "line": 184, "column": 40 },
            "end": { "line": 184, "column": 52 }
          }
        ]
      },
      "27": {
        "loc": {
          "start": { "line": 184, "column": 40 },
          "end": { "line": 184, "column": 47 }
        },
        "type": "binary-expr",
        "locations": [
          {
            "start": { "line": 184, "column": 40 },
            "end": { "line": 184, "column": 47 }
          },
          {
            "start": { "line": 184, "column": 40 },
            "end": { "line": 184, "column": 47 }
          }
        ]
      },
      "28": {
        "loc": {
          "start": { "line": 186, "column": 30 },
          "end": { "line": 186, "column": 54 }
        },
        "type": "cond-expr",
        "locations": [
          {
            "start": { "line": 186, "column": 44 },
            "end": { "line": 186, "column": 46 }
          },
          {
            "start": { "line": 186, "column": 30 },
            "end": { "line": 186, "column": 54 }
          }
        ]
      },
      "29": {
        "loc": {
          "start": { "line": 186, "column": 30 },
          "end": { "line": 186, "column": 46 }
        },
        "type": "binary-expr",
        "locations": [
          {
            "start": { "line": 186, "column": 30 },
            "end": { "line": 186, "column": 46 }
          },
          {
            "start": { "line": 186, "column": 30 },
            "end": { "line": 186, "column": 46 }
          }
        ]
      },
      "30": {
        "loc": {
          "start": { "line": 187, "column": 32 },
          "end": { "line": 187, "column": 58 }
        },
        "type": "cond-expr",
        "locations": [
          {
            "start": { "line": 187, "column": 46 },
            "end": { "line": 187, "column": 48 }
          },
          {
            "start": { "line": 187, "column": 32 },
            "end": { "line": 187, "column": 58 }
          }
        ]
      },
      "31": {
        "loc": {
          "start": { "line": 187, "column": 32 },
          "end": { "line": 187, "column": 48 }
        },
        "type": "binary-expr",
        "locations": [
          {
            "start": { "line": 187, "column": 32 },
            "end": { "line": 187, "column": 48 }
          },
          {
            "start": { "line": 187, "column": 32 },
            "end": { "line": 187, "column": 48 }
          }
        ]
      },
      "32": {
        "loc": {
          "start": { "line": 188, "column": 36 },
          "end": { "line": 188, "column": 75 }
        },
        "type": "cond-expr",
        "locations": [
          {
            "start": { "line": 188, "column": 50 },
            "end": { "line": 188, "column": 52 }
          },
          {
            "start": { "line": 188, "column": 36 },
            "end": { "line": 188, "column": 75 }
          }
        ]
      },
      "33": {
        "loc": {
          "start": { "line": 188, "column": 36 },
          "end": { "line": 188, "column": 52 }
        },
        "type": "binary-expr",
        "locations": [
          {
            "start": { "line": 188, "column": 36 },
            "end": { "line": 188, "column": 52 }
          },
          {
            "start": { "line": 188, "column": 36 },
            "end": { "line": 188, "column": 52 }
          }
        ]
      },
      "34": {
        "loc": {
          "start": { "line": 189, "column": 36 },
          "end": { "line": 189, "column": 73 }
        },
        "type": "cond-expr",
        "locations": [
          {
            "start": { "line": 189, "column": 50 },
            "end": { "line": 189, "column": 52 }
          },
          {
            "start": { "line": 189, "column": 36 },
            "end": { "line": 189, "column": 73 }
          }
        ]
      },
      "35": {
        "loc": {
          "start": { "line": 189, "column": 36 },
          "end": { "line": 189, "column": 52 }
        },
        "type": "binary-expr",
        "locations": [
          {
            "start": { "line": 189, "column": 36 },
            "end": { "line": 189, "column": 52 }
          },
          {
            "start": { "line": 189, "column": 36 },
            "end": { "line": 189, "column": 52 }
          }
        ]
      },
      "36": {
        "loc": {
          "start": { "line": 261, "column": 4 },
          "end": { "line": 263, "column": null }
        },
        "type": "if",
        "locations": [
          {
            "start": { "line": 261, "column": 4 },
            "end": { "line": 263, "column": null }
          }
        ]
      }
    },
    "s": {
      "0": 0,
      "1": 0,
      "2": 0,
      "3": 0,
      "4": 0,
      "5": 0,
      "6": 0,
      "7": 0,
      "8": 0,
      "9": 0,
      "10": 0,
      "11": 0,
      "12": 0,
      "13": 0,
      "14": 0,
      "15": 0,
      "16": 0,
      "17": 0,
      "18": 0,
      "19": 0,
      "20": 0,
      "21": 0,
      "22": 0,
      "23": 0,
      "24": 0,
      "25": 0,
      "26": 0,
      "27": 0,
      "28": 0,
      "29": 0,
      "30": 0,
      "31": 0,
      "32": 0,
      "33": 0,
      "34": 0,
      "35": 0,
      "36": 0,
      "37": 0,
      "38": 0,
      "39": 0,
      "40": 0,
      "41": 0,
      "42": 0,
      "43": 0,
      "44": 0,
      "45": 0,
      "46": 0,
      "47": 0,
      "48": 0,
      "49": 0,
      "50": 0,
      "51": 0,
      "52": 0,
      "53": 0,
      "54": 0,
      "55": 0,
      "56": 0,
      "57": 0,
      "58": 0,
      "59": 0,
      "60": 0,
      "61": 0,
      "62": 0,
      "63": 0,
      "64": 0,
      "65": 0,
      "66": 0,
      "67": 0,
      "68": 0,
      "69": 0,
      "70": 0,
      "71": 0,
      "72": 0,
      "73": 0,
      "74": 0,
      "75": 0,
      "76": 0,
      "77": 0,
      "78": 0,
      "79": 0,
      "80": 0,
      "81": 0,
      "82": 0,
      "83": 0,
      "84": 0,
      "85": 0,
      "86": 0,
      "87": 0,
      "88": 0,
      "89": 0,
      "90": 0,
      "91": 0,
      "92": 0,
      "93": 0,
      "94": 0,
      "95": 0,
      "96": 0,
      "97": 0,
      "98": 0,
      "99": 0,
      "100": 0,
      "101": 0,
      "102": 0,
      "103": 0,
      "104": 0,
      "105": 0,
      "106": 0,
      "107": 0,
      "108": 0,
      "109": 0,
      "110": 0
    },
    "f": {
      "0": 0,
      "1": 0,
      "2": 0,
      "3": 0,
      "4": 0,
      "5": 0,
      "6": 0,
      "7": 0,
      "8": 0,
      "9": 0,
      "10": 0
    },
    "b": {
      "0": [0, 0],
      "1": [0, 0],
      "2": [0, 0],
      "3": [0, 0],
      "4": [0, 0],
      "5": [0],
      "6": [0],
      "7": [0, 0],
      "8": [0, 0],
      "9": [0, 0],
      "10": [0, 0],
      "11": [0, 0],
      "12": [0, 0],
      "13": [0, 0],
      "14": [0, 0],
      "15": [0, 0],
      "16": [0, 0],
      "17": [0, 0],
      "18": [0, 0],
      "19": [0],
      "20": [0, 0],
      "21": [0, 0],
      "22": [0],
      "23": [0],
      "24": [0, 0],
      "25": [0, 0],
      "26": [0, 0],
      "27": [0, 0],
      "28": [0, 0],
      "29": [0, 0],
      "30": [0, 0],
      "31": [0, 0],
      "32": [0, 0],
      "33": [0, 0],
      "34": [0, 0],
      "35": [0, 0],
      "36": [0]
    }
  }
}
