TN:
SF:src/routes/accounts.ts
FN:19,accountsRouter
FN:31,(anonymous_15)
FN:46,(anonymous_16)
FN:62,(anonymous_17)
FN:68,(anonymous_18)
FN:114,(anonymous_20)
FN:114,(anonymous_21)
FN:125,(anonymous_23)
FN:128,(anonymous_24)
FN:132,(anonymous_25)
FN:139,(anonymous_26)
FN:150,(anonymous_27)
FN:163,(anonymous_28)
FN:203,(anonymous_29)
FN:205,(anonymous_30)
FNF:15
FNH:0
FNDA:0,accountsRouter
FNDA:0,(anonymous_15)
FNDA:0,(anonymous_16)
FNDA:0,(anonymous_17)
FNDA:0,(anonymous_18)
FNDA:0,(anonymous_20)
FNDA:0,(anonymous_21)
FNDA:0,(anonymous_23)
FNDA:0,(anonymous_24)
FNDA:0,(anonymous_25)
FNDA:0,(anonymous_26)
FNDA:0,(anonymous_27)
FNDA:0,(anonymous_28)
FNDA:0,(anonymous_29)
FNDA:0,(anonymous_30)
DA:1,0
DA:2,0
DA:3,0
DA:10,0
DA:11,0
DA:12,0
DA:19,0
DA:20,0
DA:21,0
DA:26,0
DA:28,0
DA:29,0
DA:31,0
DA:40,0
DA:43,0
DA:46,0
DA:51,0
DA:55,0
DA:58,0
DA:68,0
DA:70,0
DA:71,0
DA:75,0
DA:80,0
DA:83,0
DA:84,0
DA:85,0
DA:86,0
DA:87,0
DA:88,0
DA:93,0
DA:94,0
DA:96,0
DA:104,0
DA:112,0
DA:114,0
DA:116,0
DA:118,0
DA:121,0
DA:124,0
DA:125,0
DA:127,0
DA:128,0
DA:131,0
DA:132,0
DA:135,0
DA:136,0
DA:137,0
DA:139,0
DA:140,0
DA:147,0
DA:150,0
DA:151,0
DA:161,0
DA:163,0
DA:164,0
DA:174,0
DA:176,0
DA:177,0
DA:182,0
DA:184,0
DA:190,0
DA:192,0
DA:199,0
DA:205,0
DA:207,0
DA:211,0
DA:213,0
DA:218,0
DA:219,0
DA:221,0
DA:228,0
LF:72
LH:0
BRDA:71,0,0,0
BRDA:72,1,0,0
BRDA:72,1,1,0
BRDA:72,2,0,0
BRDA:72,2,1,0
BRDA:72,3,0,0
BRDA:72,3,1,0
BRDA:75,4,0,0
BRDA:75,4,1,0
BRDA:75,5,0,0
BRDA:75,5,1,0
BRDA:85,6,0,0
BRDA:85,6,1,0
BRDA:85,7,0,0
BRDA:85,7,1,0
BRDA:86,8,0,0
BRDA:86,8,1,0
BRDA:86,9,0,0
BRDA:86,9,1,0
BRDA:116,10,0,0
BRDA:116,10,1,0
BRDA:116,11,0,0
BRDA:116,11,1,0
BRDA:157,12,0,0
BRDA:157,12,1,0
BRDA:157,13,0,0
BRDA:157,13,1,0
BRDA:158,14,0,0
BRDA:158,14,1,0
BRDA:158,15,0,0
BRDA:158,15,1,0
BRDA:159,16,0,0
BRDA:159,16,1,0
BRDA:159,17,0,0
BRDA:159,17,1,0
BRDA:170,18,0,0
BRDA:170,18,1,0
BRDA:170,19,0,0
BRDA:170,19,1,0
BRDA:171,20,0,0
BRDA:171,20,1,0
BRDA:171,21,0,0
BRDA:171,21,1,0
BRDA:172,22,0,0
BRDA:172,22,1,0
BRDA:172,23,0,0
BRDA:172,23,1,0
BRDA:177,24,0,0
BRDA:177,24,1,0
BRDA:178,25,0,0
BRDA:178,25,1,0
BRDA:178,25,2,0
BRDA:207,26,0,0
BRDA:207,26,1,0
BRDA:207,27,0,0
BRDA:207,27,1,0
BRF:56
BRH:0
end_of_record
TN:
SF:src/routes/async-route.ts
FN:3,asyncRoute
FN:6,(anonymous_1)
FNF:2
FNH:0
FNDA:0,asyncRoute
FNDA:0,(anonymous_1)
DA:3,0
DA:6,0
DA:11,0
LF:3
LH:0
BRF:0
BRH:0
end_of_record
TN:
SF:src/routes/auth.ts
FN:18,validateNonce
FN:34,markNonceAsUsed
FN:50,validateIssuedAtAndExpirationTime
FN:86,validateDomainAndUri
FN:97,validateDomain
FN:110,validateURI
FN:123,authRouter
FN:132,(anonymous_25)
FN:148,(anonymous_26)
FN:150,(anonymous_27)
FNF:10
FNH:0
FNDA:0,validateNonce
FNDA:0,markNonceAsUsed
FNDA:0,validateIssuedAtAndExpirationTime
FNDA:0,validateDomainAndUri
FNDA:0,validateDomain
FNDA:0,validateURI
FNDA:0,authRouter
FNDA:0,(anonymous_25)
FNDA:0,(anonymous_26)
FNDA:0,(anonymous_27)
DA:1,0
DA:2,0
DA:4,0
DA:5,0
DA:13,0
DA:15,0
DA:16,0
DA:24,0
DA:26,0
DA:27,0
DA:30,0
DA:41,0
DA:46,0
DA:54,0
DA:55,0
DA:60,0
DA:61,0
DA:62,0
DA:63,0
DA:64,0
DA:66,0
DA:67,0
DA:72,0
DA:73,0
DA:78,0
DA:82,0
DA:87,0
DA:88,0
DA:89,0
DA:90,0
DA:94,0
DA:98,0
DA:100,0
DA:102,0
DA:104,0
DA:106,0
DA:111,0
DA:113,0
DA:115,0
DA:117,0
DA:119,0
DA:123,0
DA:124,0
DA:125,0
DA:130,0
DA:132,0
DA:137,0
DA:141,0
DA:144,0
DA:150,0
DA:155,0
DA:156,0
DA:159,0
DA:160,0
DA:161,0
DA:162,0
DA:163,0
DA:164,0
DA:169,0
DA:175,0
DA:179,0
DA:180,0
DA:182,0
DA:183,0
DA:189,0
DA:190,0
DA:196,0
DA:197,0
DA:199,0
DA:200,0
DA:201,0
DA:206,0
LF:72
LH:0
BRDA:26,0,0,0
BRDA:54,1,0,0
BRDA:63,2,0,0
BRDA:66,3,0,0
BRDA:72,4,0,0
BRDA:78,5,0,0
BRDA:89,6,0,0
BRDA:89,6,1,0
BRDA:89,7,0,0
BRDA:89,7,1,0
BRDA:98,8,0,0
BRDA:98,8,1,0
BRDA:98,8,2,0
BRDA:98,8,3,0
BRDA:111,9,0,0
BRDA:111,9,1,0
BRDA:111,9,2,0
BRDA:111,9,3,0
BRDA:161,10,0,0
BRDA:161,10,1,0
BRDA:163,11,0,0
BRDA:182,12,0,0
BRDA:189,13,0,0
BRF:23
BRH:0
end_of_record
TN:
SF:src/routes/clock.e2e-spec.ts
FN:14,(anonymous_14)
FN:15,(anonymous_15)
FN:18,(anonymous_18)
FNF:3
FNH:0
FNDA:0,(anonymous_14)
FNDA:0,(anonymous_15)
FNDA:0,(anonymous_18)
DA:1,0
DA:2,0
DA:3,0
DA:4,0
DA:5,0
DA:6,0
DA:7,0
DA:9,0
DA:11,0
DA:12,0
DA:14,0
DA:15,0
DA:16,0
DA:18,0
DA:20,0
DA:21,0
DA:22,0
DA:23,0
DA:24,0
DA:25,0
DA:26,0
LF:21
LH:0
BRDA:23,0,0,0
BRDA:23,0,1,0
BRDA:23,1,0,0
BRDA:23,1,1,0
BRF:4
BRH:0
end_of_record
TN:
SF:src/routes/kyc.ts
FN:14,kycRouter
FN:26,(anonymous_15)
FN:42,(anonymous_16)
FN:48,(anonymous_17)
FN:90,(anonymous_19)
FN:92,(anonymous_20)
FN:121,(anonymous_22)
FN:123,(anonymous_23)
FNF:8
FNH:0
FNDA:0,kycRouter
FNDA:0,(anonymous_15)
FNDA:0,(anonymous_16)
FNDA:0,(anonymous_17)
FNDA:0,(anonymous_19)
FNDA:0,(anonymous_20)
FNDA:0,(anonymous_22)
FNDA:0,(anonymous_23)
DA:1,0
DA:3,0
DA:4,0
DA:6,0
DA:7,0
DA:8,0
DA:14,0
DA:15,0
DA:16,0
DA:21,0
DA:23,0
DA:24,0
DA:26,0
DA:31,0
DA:35,0
DA:38,0
DA:48,0
DA:50,0
DA:53,0
DA:59,0
DA:60,0
DA:62,0
DA:63,0
DA:64,0
DA:65,0
DA:66,0
DA:67,0
DA:68,0
DA:69,0
DA:70,0
DA:72,0
DA:73,0
DA:75,0
DA:76,0
DA:78,0
DA:86,0
DA:92,0
DA:96,0
DA:97,0
DA:98,0
DA:99,0
DA:100,0
DA:107,0
DA:109,0
DA:117,0
DA:123,0
DA:127,0
DA:129,0
DA:130,0
DA:131,0
DA:132,0
DA:138,0
DA:139,0
DA:141,0
DA:149,0
LF:55
LH:0
BRDA:50,0,0,0
BRDA:50,0,1,0
BRDA:50,1,0,0
BRDA:50,1,1,0
BRDA:62,2,0,0
BRDA:62,2,1,0
BRDA:62,3,0,0
BRDA:62,3,1,0
BRDA:63,4,0,0
BRDA:63,4,1,0
BRDA:63,5,0,0
BRDA:63,5,1,0
BRDA:64,6,0,0
BRDA:64,6,1,0
BRDA:64,7,0,0
BRDA:64,7,1,0
BRDA:65,8,0,0
BRDA:65,8,1,0
BRDA:66,9,0,0
BRDA:66,9,1,0
BRDA:66,10,0,0
BRDA:66,10,1,0
BRDA:67,11,0,0
BRDA:67,11,1,0
BRDA:67,12,0,0
BRDA:67,12,1,0
BRDA:68,13,0,0
BRDA:68,13,1,0
BRDA:68,14,0,0
BRDA:68,14,1,0
BRDA:69,15,0,0
BRDA:69,15,1,0
BRDA:69,16,0,0
BRDA:69,16,1,0
BRDA:71,17,0,0
BRDA:71,17,1,0
BRDA:71,18,0,0
BRDA:71,18,1,0
BRDA:107,19,0,0
BRDA:97,20,0,0
BRDA:97,20,1,0
BRDA:97,21,0,0
BRDA:97,21,1,0
BRDA:99,22,0,0
BRDA:107,23,0,0
BRDA:107,23,1,0
BRDA:107,24,0,0
BRDA:107,24,1,0
BRDA:138,25,0,0
BRDA:129,26,0,0
BRDA:129,26,1,0
BRDA:129,27,0,0
BRDA:129,27,1,0
BRDA:131,28,0,0
BRF:54
BRH:0
end_of_record
TN:
SF:src/routes/quote.e2e-spec.ts
FN:26,(anonymous_16)
FN:27,(anonymous_17)
FN:33,(anonymous_18)
FN:36,(anonymous_21)
FN:43,(anonymous_22)
FN:46,(anonymous_25)
FNF:6
FNH:0
FNDA:0,(anonymous_16)
FNDA:0,(anonymous_17)
FNDA:0,(anonymous_18)
FNDA:0,(anonymous_21)
FNDA:0,(anonymous_22)
FNDA:0,(anonymous_25)
DA:1,0
DA:2,0
DA:3,0
DA:5,0
DA:6,0
DA:7,0
DA:8,0
DA:9,0
DA:11,0
DA:13,0
DA:14,0
DA:16,0
DA:18,0
DA:20,0
DA:22,0
DA:26,0
DA:27,0
DA:28,0
DA:29,0
DA:33,0
DA:34,0
DA:36,0
DA:39,0
DA:40,0
DA:41,0
DA:43,0
DA:44,0
DA:46,0
DA:49,0
DA:50,0
DA:51,0
DA:52,0
LF:32
LH:0
BRDA:22,0,0,0
BRDA:22,0,1,0
BRF:2
BRH:0
end_of_record
TN:
SF:src/routes/quote.ts
FN:31,quoteRouter
FN:44,(anonymous_17)
FN:66,(anonymous_18)
FN:68,(anonymous_19)
FN:98,(anonymous_21)
FN:102,(anonymous_22)
FN:219,(anonymous_23)
FN:221,(anonymous_24)
FN:248,(anonymous_26)
FN:251,(anonymous_27)
FN:367,isSupportedCrypto
FN:374,isSupportedFiat
FN:381,isValidAmount
FN:403,isSupportedGeo
FN:409,(anonymous_32)
FNF:15
FNH:0
FNDA:0,quoteRouter
FNDA:0,(anonymous_17)
FNDA:0,(anonymous_18)
FNDA:0,(anonymous_19)
FNDA:0,(anonymous_21)
FNDA:0,(anonymous_22)
FNDA:0,(anonymous_23)
FNDA:0,(anonymous_24)
FNDA:0,(anonymous_26)
FNDA:0,(anonymous_27)
FNDA:0,isSupportedCrypto
FNDA:0,isSupportedFiat
FNDA:0,isValidAmount
FNDA:0,isSupportedGeo
FNDA:0,(anonymous_32)
DA:2,0
DA:3,0
DA:4,0
DA:6,0
DA:7,0
DA:8,0
DA:10,0
DA:20,0
DA:22,0
DA:23,0
DA:24,0
DA:26,0
DA:27,0
DA:29,0
DA:31,0
DA:32,0
DA:33,0
DA:34,0
DA:40,0
DA:41,0
DA:43,0
DA:49,0
DA:53,0
DA:57,0
DA:63,0
DA:68,0
DA:71,0
DA:76,0
DA:77,0
DA:78,0
DA:80,0
DA:81,0
DA:83,0
DA:86,0
DA:87,0
DA:100,0
DA:102,0
DA:104,0
DA:108,0
DA:110,0
DA:111,0
DA:114,0
DA:126,0
DA:158,0
DA:159,0
DA:162,0
DA:164,0
DA:166,0
DA:169,0
DA:171,0
DA:175,0
DA:177,0
DA:181,0
DA:183,0
DA:187,0
DA:189,0
DA:193,0
DA:195,0
DA:198,0
DA:200,0
DA:203,0
DA:205,0
DA:216,0
DA:221,0
DA:224,0
DA:229,0
DA:230,0
DA:231,0
DA:232,0
DA:233,0
DA:235,0
DA:236,0
DA:237,0
DA:249,0
DA:251,0
DA:253,0
DA:255,0
DA:256,0
DA:257,0
DA:259,0
DA:271,0
DA:279,0
DA:311,0
DA:312,0
DA:313,0
DA:315,0
DA:317,0
DA:320,0
DA:322,0
DA:326,0
DA:328,0
DA:332,0
DA:334,0
DA:338,0
DA:340,0
DA:344,0
DA:346,0
DA:349,0
DA:351,0
DA:354,0
DA:356,0
DA:363,0
DA:368,0
DA:369,0
DA:375,0
DA:376,0
DA:383,0
DA:384,0
DA:386,0
DA:387,0
DA:388,0
DA:389,0
DA:390,0
DA:394,0
DA:395,0
DA:396,0
DA:397,0
DA:398,0
DA:409,0
DA:410,0
DA:413,0
DA:414,0
DA:418,0
DA:420,0
DA:421,0
DA:423,0
DA:425,0
DA:426,0
DA:429,0
DA:431,0
LF:130
LH:0
BRDA:86,0,0,0
BRDA:86,1,0,0
BRDA:86,1,1,0
BRDA:116,2,0,0
BRDA:116,2,1,0
BRDA:119,3,0,0
BRDA:119,3,1,0
BRDA:164,4,0,0
BRDA:164,4,1,0
BRDA:164,4,2,0
BRDA:164,4,3,0
BRDA:164,4,4,0
BRDA:164,4,5,0
BRDA:164,4,6,0
BRDA:164,4,7,0
BRDA:236,5,0,0
BRDA:236,6,0,0
BRDA:236,6,1,0
BRDA:261,7,0,0
BRDA:261,7,1,0
BRDA:264,8,0,0
BRDA:264,8,1,0
BRDA:315,9,0,0
BRDA:315,9,1,0
BRDA:315,9,2,0
BRDA:315,9,3,0
BRDA:315,9,4,0
BRDA:315,9,5,0
BRDA:315,9,6,0
BRDA:315,9,7,0
BRDA:368,10,0,0
BRDA:375,11,0,0
BRDA:383,12,0,0
BRDA:383,12,1,0
BRDA:383,13,0,0
BRDA:383,13,1,0
BRDA:383,14,0,0
BRDA:383,14,1,0
BRDA:384,15,0,0
BRDA:384,15,1,0
BRDA:384,16,0,0
BRDA:384,16,1,0
BRDA:384,17,0,0
BRDA:384,17,1,0
BRDA:386,18,0,0
BRDA:387,19,0,0
BRDA:387,19,1,0
BRDA:389,20,0,0
BRDA:394,21,0,0
BRDA:395,22,0,0
BRDA:395,22,1,0
BRDA:397,23,0,0
BRDA:413,24,0,0
BRDA:418,25,0,0
BRDA:418,25,1,0
BRDA:418,25,2,0
BRDA:420,26,0,0
BRDA:425,27,0,0
BRF:58
BRH:0
end_of_record
TN:
SF:src/routes/transfer.ts
FN:34,transferRouter
FN:52,(anonymous_21)
FN:64,(anonymous_22)
FN:80,(anonymous_23)
FN:82,(anonymous_24)
FN:152,(anonymous_26)
FN:154,(anonymous_27)
FN:222,(anonymous_29)
FN:224,(anonymous_30)
FN:255,validateIdempotencyKey
FN:270,markKeyAsUsed
FNF:11
FNH:0
FNDA:0,transferRouter
FNDA:0,(anonymous_21)
FNDA:0,(anonymous_22)
FNDA:0,(anonymous_23)
FNDA:0,(anonymous_24)
FNDA:0,(anonymous_26)
FNDA:0,(anonymous_27)
FNDA:0,(anonymous_29)
FNDA:0,(anonymous_30)
FNDA:0,validateIdempotencyKey
FNDA:0,markKeyAsUsed
DA:1,0
DA:2,0
DA:3,0
DA:5,0
DA:6,0
DA:7,0
DA:14,0
DA:15,0
DA:17,0
DA:18,0
DA:21,0
DA:25,0
DA:30,0
DA:34,0
DA:35,0
DA:36,0
DA:37,0
DA:43,0
DA:45,0
DA:46,0
DA:48,0
DA:50,0
DA:51,0
DA:52,0
DA:57,0
DA:61,0
DA:64,0
DA:69,0
DA:73,0
DA:76,0
DA:82,0
DA:84,0
DA:87,0
DA:88,0
DA:90,0
DA:93,0
DA:96,0
DA:98,0
DA:101,0
DA:102,0
DA:103,0
DA:104,0
DA:105,0
DA:106,0
DA:107,0
DA:110,0
DA:111,0
DA:113,0
DA:114,0
DA:115,0
DA:116,0
DA:121,0
DA:122,0
DA:123,0
DA:125,0
DA:132,0
DA:135,0
DA:138,0
DA:148,0
DA:154,0
DA:156,0
DA:158,0
DA:159,0
DA:162,0
DA:165,0
DA:169,0
DA:171,0
DA:174,0
DA:175,0
DA:176,0
DA:177,0
DA:178,0
DA:179,0
DA:180,0
DA:183,0
DA:184,0
DA:186,0
DA:187,0
DA:188,0
DA:189,0
DA:190,0
DA:191,0
DA:193,0
DA:195,0
DA:202,0
DA:205,0
DA:208,0
DA:218,0
DA:224,0
DA:227,0
DA:231,0
DA:244,0
DA:252,0
DA:259,0
DA:261,0
DA:262,0
DA:264,0
DA:266,0
DA:273,0
DA:276,0
DA:278,0
LF:101
LH:0
BRDA:25,0,0,0
BRDA:25,0,1,0
BRDA:30,1,0,0
BRDA:30,1,1,0
BRDA:90,2,0,0
BRDA:90,2,1,0
BRDA:84,3,0,0
BRDA:84,3,1,0
BRDA:84,4,0,0
BRDA:84,4,1,0
BRDA:87,5,0,0
BRDA:93,6,0,0
BRDA:110,7,0,0
BRDA:110,7,1,0
BRDA:110,8,0,0
BRDA:110,8,1,0
BRDA:111,9,0,0
BRDA:111,9,1,0
BRDA:111,10,0,0
BRDA:111,10,1,0
BRDA:113,11,0,0
BRDA:113,11,1,0
BRDA:113,12,0,0
BRDA:113,12,1,0
BRDA:114,13,0,0
BRDA:114,13,1,0
BRDA:114,14,0,0
BRDA:114,14,1,0
BRDA:115,15,0,0
BRDA:115,15,1,0
BRDA:115,16,0,0
BRDA:115,16,1,0
BRDA:116,17,0,0
BRDA:116,17,1,0
BRDA:116,18,0,0
BRDA:116,18,1,0
BRDA:205,19,0,0
BRDA:156,20,0,0
BRDA:156,20,1,0
BRDA:156,21,0,0
BRDA:156,21,1,0
BRDA:158,22,0,0
BRDA:165,23,0,0
BRDA:183,24,0,0
BRDA:183,24,1,0
BRDA:183,25,0,0
BRDA:183,25,1,0
BRDA:184,26,0,0
BRDA:184,26,1,0
BRDA:184,27,0,0
BRDA:184,27,1,0
BRDA:186,28,0,0
BRDA:186,28,1,0
BRDA:186,29,0,0
BRDA:186,29,1,0
BRDA:187,30,0,0
BRDA:187,30,1,0
BRDA:187,31,0,0
BRDA:187,31,1,0
BRDA:188,32,0,0
BRDA:188,32,1,0
BRDA:188,33,0,0
BRDA:188,33,1,0
BRDA:189,34,0,0
BRDA:189,34,1,0
BRDA:189,35,0,0
BRDA:189,35,1,0
BRDA:261,36,0,0
BRF:68
BRH:0
end_of_record
